Change Component Designator: OldDesignator=C21_Temperature_Enhanced_WB1 NewDesignator=C21_Temperature_Enhanced_WB2
Change Component Designator: OldDesignator=C21_Temperature_Enhanced_WB2 NewDesignator=C21_Temperature_Enhanced_WB1
Change Component Designator: OldDesignator=C22_Temperature_Enhanced_WB1 NewDesignator=C22_Temperature_Enhanced_WB2
Change Component Designator: OldDesignator=C22_Temperature_Enhanced_WB2 NewDesignator=C22_Temperature_Enhanced_WB1
Change Component Designator: OldDesignator=C23_Temperature_Enhanced_WB1 NewDesignator=C23_Temperature_Enhanced_WB2
Change Component Designator: OldDesignator=C23_Temperature_Enhanced_WB2 NewDesignator=C23_Temperature_Enhanced_WB1
Change Component Designator: OldDesignator=D23_Temperature_Enhanced_WB1 NewDesignator=D23_Temperature_Enhanced_WB2
Change Component Designator: OldDesignator=D23_Temperature_Enhanced_WB2 NewDesignator=D23_Temperature_Enhanced_WB1
Change Component Designator: OldDesignator=D24_Temperature_Enhanced_WB1 NewDesignator=D24_Temperature_Enhanced_WB2
Change Component Designator: OldDesignator=D24_Temperature_Enhanced_WB2 NewDesignator=D24_Temperature_Enhanced_WB1
Change Component Designator: OldDesignator=D25_Temperature_Enhanced_WB1 NewDesignator=D25_Temperature_Enhanced_WB2
Change Component Designator: OldDesignator=D25_Temperature_Enhanced_WB2 NewDesignator=D25_Temperature_Enhanced_WB1
Change Component Designator: OldDesignator=D26_Temperature_Enhanced_WB1 NewDesignator=D26_Temperature_Enhanced_WB2
Change Component Designator: OldDesignator=D26_Temperature_Enhanced_WB2 NewDesignator=D26_Temperature_Enhanced_WB1
Change Component Designator: OldDesignator=R36_Temperature_Enhanced_WB1 NewDesignator=R36_Temperature_Enhanced_WB2
Change Component Designator: OldDesignator=R36_Temperature_Enhanced_WB2 NewDesignator=R36_Temperature_Enhanced_WB1
Change Component Designator: OldDesignator=R37_Temperature_Enhanced_WB1 NewDesignator=R37_Temperature_Enhanced_WB2
Change Component Designator: OldDesignator=R37_Temperature_Enhanced_WB2 NewDesignator=R37_Temperature_Enhanced_WB1
Change Component Designator: OldDesignator=R38_Temperature_Enhanced_WB1 NewDesignator=R38_Temperature_Enhanced_WB2
Change Component Designator: OldDesignator=R38_Temperature_Enhanced_WB2 NewDesignator=R38_Temperature_Enhanced_WB1
Change Component Designator: OldDesignator=R39_Temperature_Enhanced_WB1 NewDesignator=R39_Temperature_Enhanced_WB2
Change Component Designator: OldDesignator=R39_Temperature_Enhanced_WB2 NewDesignator=R39_Temperature_Enhanced_WB1
Change Component Designator: OldDesignator=R40_Temperature_Enhanced_WB1 NewDesignator=R40_Temperature_Enhanced_WB2
Change Component Designator: OldDesignator=R40_Temperature_Enhanced_WB2 NewDesignator=R40_Temperature_Enhanced_WB1
Change Component Designator: OldDesignator=R41_Temperature_Enhanced_WB1 NewDesignator=R41_Temperature_Enhanced_WB2
Change Component Designator: OldDesignator=R41_Temperature_Enhanced_WB2 NewDesignator=R41_Temperature_Enhanced_WB1
Change Component Designator: OldDesignator=R42_Temperature_Enhanced_WB1 NewDesignator=R42_Temperature_Enhanced_WB2
Change Component Designator: OldDesignator=R42_Temperature_Enhanced_WB2 NewDesignator=R42_Temperature_Enhanced_WB1
Change Component Designator: OldDesignator=R43_Temperature_Enhanced_WB1 NewDesignator=R43_Temperature_Enhanced_WB2
Change Component Designator: OldDesignator=R43_Temperature_Enhanced_WB2 NewDesignator=R43_Temperature_Enhanced_WB1
Change Component Designator: OldDesignator=R44_Temperature_Enhanced_WB1 NewDesignator=R44_Temperature_Enhanced_WB2
Change Component Designator: OldDesignator=R44_Temperature_Enhanced_WB2 NewDesignator=R44_Temperature_Enhanced_WB1
Change Component Designator: OldDesignator=R45_Temperature_Enhanced_WB1 NewDesignator=R45_Temperature_Enhanced_WB2
Change Component Designator: OldDesignator=R45_Temperature_Enhanced_WB2 NewDesignator=R45_Temperature_Enhanced_WB1
Change Component Designator: OldDesignator=R46_Temperature_Enhanced_WB1 NewDesignator=R46_Temperature_Enhanced_WB2
Change Component Designator: OldDesignator=R46_Temperature_Enhanced_WB2 NewDesignator=R46_Temperature_Enhanced_WB1
Change Component Designator: OldDesignator=R47_Temperature_Enhanced_WB1 NewDesignator=R47_Temperature_Enhanced_WB2
Change Component Designator: OldDesignator=R47_Temperature_Enhanced_WB2 NewDesignator=R47_Temperature_Enhanced_WB1
Change Component Designator: OldDesignator=R48_Temperature_Enhanced_WB1 NewDesignator=R48_Temperature_Enhanced_WB2
Change Component Designator: OldDesignator=R48_Temperature_Enhanced_WB2 NewDesignator=R48_Temperature_Enhanced_WB1
Change Component Designator: OldDesignator=R49_Temperature_Enhanced_WB1 NewDesignator=R49_Temperature_Enhanced_WB2
Change Component Designator: OldDesignator=R49_Temperature_Enhanced_WB2 NewDesignator=R49_Temperature_Enhanced_WB1
Change Component Designator: OldDesignator=R50_Temperature_Enhanced_WB1 NewDesignator=R50_Temperature_Enhanced_WB2
Change Component Designator: OldDesignator=R50_Temperature_Enhanced_WB2 NewDesignator=R50_Temperature_Enhanced_WB1
Change Component Designator: OldDesignator=R51_Temperature_Enhanced_WB1 NewDesignator=R51_Temperature_Enhanced_WB2
Change Component Designator: OldDesignator=R51_Temperature_Enhanced_WB2 NewDesignator=R51_Temperature_Enhanced_WB1
Change Component Designator: OldDesignator=R52_Temperature_Enhanced_WB1 NewDesignator=R52_Temperature_Enhanced_WB2
Change Component Designator: OldDesignator=R52_Temperature_Enhanced_WB2 NewDesignator=R52_Temperature_Enhanced_WB1
Change Component Designator: OldDesignator=R53_Temperature_Enhanced_WB1 NewDesignator=R53_Temperature_Enhanced_WB2
Change Component Designator: OldDesignator=R53_Temperature_Enhanced_WB2 NewDesignator=R53_Temperature_Enhanced_WB1
Change Component Designator: OldDesignator=R54_Temperature_Enhanced_WB1 NewDesignator=R54_Temperature_Enhanced_WB2
Change Component Designator: OldDesignator=R54_Temperature_Enhanced_WB2 NewDesignator=R54_Temperature_Enhanced_WB1
Change Component Designator: OldDesignator=U6_Temperature_Enhanced_WB1 NewDesignator=U6_Temperature_Enhanced_WB2
Change Component Designator: OldDesignator=U6_Temperature_Enhanced_WB2 NewDesignator=U6_Temperature_Enhanced_WB1
Change Component Designator: OldDesignator=U8_Temperature_Enhanced_WB1 NewDesignator=U8_Temperature_Enhanced_WB2
Change Component Designator: OldDesignator=U8_Temperature_Enhanced_WB2 NewDesignator=U8_Temperature_Enhanced_WB1
Change Net Name : Old Net Name=NetR36_Temperature_Enhanced_WB1_2 New Net Name=NetR36_Temperature_Enhanced_WB2_2
Change Net Name : Old Net Name=NetR36_Temperature_Enhanced_WB2_2 New Net Name=NetR36_Temperature_Enhanced_WB1_2
Change Net Name : Old Net Name=NetR37_Temperature_Enhanced_WB1_2 New Net Name=NetR37_Temperature_Enhanced_WB2_2
Change Net Name : Old Net Name=NetR37_Temperature_Enhanced_WB2_2 New Net Name=NetR37_Temperature_Enhanced_WB1_2
Change Net Name : Old Net Name=NetR38_Temperature_Enhanced_WB1_2 New Net Name=NetR38_Temperature_Enhanced_WB2_2
Change Net Name : Old Net Name=NetR38_Temperature_Enhanced_WB2_2 New Net Name=NetR38_Temperature_Enhanced_WB1_2
Change Net Name : Old Net Name=NetR41_Temperature_Enhanced_WB1_1 New Net Name=NetR41_Temperature_Enhanced_WB2_1
Change Net Name : Old Net Name=NetR41_Temperature_Enhanced_WB2_1 New Net Name=NetR41_Temperature_Enhanced_WB1_1
Change Net Name : Old Net Name=NetR42_Temperature_Enhanced_WB1_1 New Net Name=NetR42_Temperature_Enhanced_WB2_1
Change Net Name : Old Net Name=NetR42_Temperature_Enhanced_WB2_1 New Net Name=NetR42_Temperature_Enhanced_WB1_1
Change Net Name : Old Net Name=NetR43_Temperature_Enhanced_WB1_1 New Net Name=NetR43_Temperature_Enhanced_WB2_1
Change Net Name : Old Net Name=NetR43_Temperature_Enhanced_WB2_1 New Net Name=NetR43_Temperature_Enhanced_WB1_1
Change Net Name : Old Net Name=NetR44_Temperature_Enhanced_WB1_1 New Net Name=NetR44_Temperature_Enhanced_WB2_1
Change Net Name : Old Net Name=NetR44_Temperature_Enhanced_WB2_1 New Net Name=NetR44_Temperature_Enhanced_WB1_1
Change Net Name : Old Net Name=NetR47_Temperature_Enhanced_WB1_1 New Net Name=NetR47_Temperature_Enhanced_WB2_1
Change Net Name : Old Net Name=NetR47_Temperature_Enhanced_WB2_1 New Net Name=NetR47_Temperature_Enhanced_WB1_1
Change Net Name : Old Net Name=NetR49_Temperature_Enhanced_WB1_2 New Net Name=NetR49_Temperature_Enhanced_WB2_2
Change Net Name : Old Net Name=NetR49_Temperature_Enhanced_WB2_2 New Net Name=NetR49_Temperature_Enhanced_WB1_2
Change Net Name : Old Net Name=NetR51_Temperature_Enhanced_WB1_2 New Net Name=NetR51_Temperature_Enhanced_WB2_2
Change Net Name : Old Net Name=NetR51_Temperature_Enhanced_WB2_2 New Net Name=NetR51_Temperature_Enhanced_WB1_2
Change Net Name : Old Net Name=NetR52_Temperature_Enhanced_WB1_2 New Net Name=NetR52_Temperature_Enhanced_WB2_2
Change Net Name : Old Net Name=NetR52_Temperature_Enhanced_WB2_2 New Net Name=NetR52_Temperature_Enhanced_WB1_2
Change Net Name : Old Net Name=Sense+_Temperature_Enhanced_WB1 New Net Name=Sense+_Temperature_Enhanced_WB2
Change Net Name : Old Net Name=Sense+_Temperature_Enhanced_WB2 New Net Name=Sense+_Temperature_Enhanced_WB1
Change Net Name : Old Net Name=Sense-_Temperature_Enhanced_WB1 New Net Name=Sense-_Temperature_Enhanced_WB2
Change Net Name : Old Net Name=Sense-_Temperature_Enhanced_WB2 New Net Name=Sense-_Temperature_Enhanced_WB1
