Removed Pin From Net: NetName=NetD3_1 Pin=D4-2
Removed Pin From Net: NetName=NetD15_1 Pin=D15-1
Removed Pin From Net: NetName=NetC2_2 Pin=Q1-8
Removed Pin From Net: NetName=NetD1_1 Pin=Q2-1
Removed Pin From Net: NetName=NetD1_1 Pin=Q5-1
Removed Pin From Net: NetName=NetQ2_2 Pin=Q5-4
Removed Pin From Net: NetName=NetC2_2 Pin=Q6-8
Removed Pin From Net: NetName=NetD15_1 Pin=Q7-1
Removed Pin From Net: NetName=NetD15_1 Pin=Q8-1
Removed Member From Class: ClassName=PassElement Member=D8
Removed Member From Class: ClassName=PassElement Member=D9
Removed Member From Class: ClassName=PassElement Member=D10
Removed Member From Class: ClassName=PassElement Member=D15
Removed Member From Class: ClassName=PassElement Member=D16
Removed Member From Class: ClassName=PassElement Member=L2
Change Component Footprint: Designator=D8 Old Footprint=FP-1N4007_SMD-IPC_C New Footprint=DIO_BPW_34_SR-Z
Change Component Footprint: Designator=D5 Old Footprint=FP-1N4007_SMD-IPC_C New Footprint=PMEG3050EP115
Change Component Footprint: Designator=D6 Old Footprint=FP-1N4007_SMD-IPC_C New Footprint=PMEG3050EP115
Change Component Footprint: Designator=D3 Old Footprint=FP-1N4007_SMD-IPC_C New Footprint=YQ15RSM10SDTL1
Change Component Footprint: Designator=D4 Old Footprint=FP-1N4007_SMD-IPC_C New Footprint=YQ15RSM10SDTL1
Change Component Footprint: Designator=D7 Old Footprint=FP-1N4007_SMD-IPC_C New Footprint=YQ15RSM10SDTL1
Change Component Footprint: Designator=Q2 Old Footprint=FP-TO-18-MFG New Footprint=STM-TO-18-3
Change Component Footprint: Designator=Q8 Old Footprint=FP-TO-18-MFG New Footprint=STM-TO-18-3
Change Component Comment : Designator=D8 Old Comment=1N4007 SMD New Comment=BPW_34_SR-Z
Change Component Comment : Designator=D5 Old Comment=1N4007 SMD New Comment=PTVS12VP1UP,115
Change Component Comment : Designator=D6 Old Comment=1N4007 SMD New Comment=PTVS12VP1UP,115
Change Component Comment : Designator=D3 Old Comment=1N4007 SMD New Comment=YQ15RSM10SDTL1
Change Component Comment : Designator=D4 Old Comment=1N4007 SMD New Comment=YQ15RSM10SDTL1
Change Component Comment : Designator=D7 Old Comment=1N4007 SMD New Comment=YQ15RSM10SDTL1
Change Component Comment : Designator=Q2 Old Comment=2N2907A New Comment=2N2222A
Change Component Comment : Designator=Q8 Old Comment=2N2907A New Comment=2N2222A
Change Managed Component Library Link : Designator=Q2 Old VaultGUID=B7D15EC3-160A-466F-A46C-7801FE6295A7 New VaultGUID=B7D15EC3-160A-466F-A46C-7801FE6295A7 Old ItemGUID=8996766E-6B93-4126-BFD3-66D88DBDE09F New ItemGUID=A865139E-B6EF-45E0-AF9D-69A25E38148A Old RevisionGUID=5E7C3C73-1936-48DB-8B61-CB14E8B87690 New RevisionGUID=908783B6-6357-42CF-A442-94334766117E
Change Managed Component Library Link : Designator=Q8 Old VaultGUID=B7D15EC3-160A-466F-A46C-7801FE6295A7 New VaultGUID=B7D15EC3-160A-466F-A46C-7801FE6295A7 Old ItemGUID=8996766E-6B93-4126-BFD3-66D88DBDE09F New ItemGUID=A865139E-B6EF-45E0-AF9D-69A25E38148A Old RevisionGUID=5E7C3C73-1936-48DB-8B61-CB14E8B87690 New RevisionGUID=908783B6-6357-42CF-A442-94334766117E
Change Managed Component Library Link : Designator=D3 Old VaultGUID=B7D15EC3-160A-466F-A46C-7801FE6295A7 New VaultGUID= Old ItemGUID=03748527-FA30-4DEA-B833-80DDB1EEEE2C New ItemGUID= Old RevisionGUID=E7CD61E1-E4AE-44EF-9434-BCE7D82EB09B New RevisionGUID=
Change Managed Component Library Link : Designator=D4 Old VaultGUID=B7D15EC3-160A-466F-A46C-7801FE6295A7 New VaultGUID= Old ItemGUID=03748527-FA30-4DEA-B833-80DDB1EEEE2C New ItemGUID= Old RevisionGUID=E7CD61E1-E4AE-44EF-9434-BCE7D82EB09B New RevisionGUID=
Change Managed Component Library Link : Designator=D5 Old VaultGUID=B7D15EC3-160A-466F-A46C-7801FE6295A7 New VaultGUID= Old ItemGUID=03748527-FA30-4DEA-B833-80DDB1EEEE2C New ItemGUID= Old RevisionGUID=E7CD61E1-E4AE-44EF-9434-BCE7D82EB09B New RevisionGUID=
Change Managed Component Library Link : Designator=D6 Old VaultGUID=B7D15EC3-160A-466F-A46C-7801FE6295A7 New VaultGUID= Old ItemGUID=03748527-FA30-4DEA-B833-80DDB1EEEE2C New ItemGUID= Old RevisionGUID=E7CD61E1-E4AE-44EF-9434-BCE7D82EB09B New RevisionGUID=
Change Managed Component Library Link : Designator=D7 Old VaultGUID=B7D15EC3-160A-466F-A46C-7801FE6295A7 New VaultGUID= Old ItemGUID=03748527-FA30-4DEA-B833-80DDB1EEEE2C New ItemGUID= Old RevisionGUID=E7CD61E1-E4AE-44EF-9434-BCE7D82EB09B New RevisionGUID=
Change Managed Component Library Link : Designator=D8 Old VaultGUID=B7D15EC3-160A-466F-A46C-7801FE6295A7 New VaultGUID= Old ItemGUID=03748527-FA30-4DEA-B833-80DDB1EEEE2C New ItemGUID= Old RevisionGUID=E7CD61E1-E4AE-44EF-9434-BCE7D82EB09B New RevisionGUID=
Change component parameters: Designator = "D3" ("D3"); Footprint = "FP-1N4007_SMD-IPC_C"; UniqueID = "\JYWAAOMK" ("\JYWAAOMK")
Change component parameters (AddParameter): Name = "Arrow Part Number"; Value = ""; VariantName = "[No Variations]"
Change component parameters (AddParameter): Name = "Arrow Price/Stock"; Value = ""; VariantName = "[No Variations]"
Change component parameters (AddParameter): Name = "Datasheet Link"; Value = "https://fscdn.rohm.com/en/products/databook/datasheet/discrete/diode/schottky_barrier/yq15rsm10sdtl1-e.pdf"; VariantName = "[No Variations]"
Change component parameters (AddParameter): Name = "Height"; Value = "1.2mm"; VariantName = "[No Variations]"
Change component parameters (AddParameter): Name = "Manufacturer_Name"; Value = "ROHM Semiconductor"; VariantName = "[No Variations]"
Change component parameters (AddParameter): Name = "Manufacturer_Part_Number"; Value = "YQ15RSM10SDTL1"; VariantName = "[No Variations]"
Change component parameters (AddParameter): Name = "Mouser Part Number"; Value = "755-YQ15RSM10SDTL1"; VariantName = "[No Variations]"
Change component parameters (AddParameter): Name = "Mouser Price/Stock"; Value = "https://www.mouser.co.uk/ProductDetail/ROHM-Semiconductor/YQ15RSM10SDTL1?qs=Z%252BL2brAPG1JP7erh913hZg%3D%3D"; VariantName = "[No Variations]"
Change component parameters: Designator = "D4" ("D4"); Footprint = "FP-1N4007_SMD-IPC_C"; UniqueID = "\RBXKBXWF" ("\RBXKBXWF")
Change component parameters (AddParameter): Name = "Arrow Part Number"; Value = ""; VariantName = "[No Variations]"
Change component parameters (AddParameter): Name = "Arrow Price/Stock"; Value = ""; VariantName = "[No Variations]"
Change component parameters (AddParameter): Name = "Datasheet Link"; Value = "https://fscdn.rohm.com/en/products/databook/datasheet/discrete/diode/schottky_barrier/yq15rsm10sdtl1-e.pdf"; VariantName = "[No Variations]"
Change component parameters (AddParameter): Name = "Height"; Value = "1.2mm"; VariantName = "[No Variations]"
Change component parameters (AddParameter): Name = "Manufacturer_Name"; Value = "ROHM Semiconductor"; VariantName = "[No Variations]"
Change component parameters (AddParameter): Name = "Manufacturer_Part_Number"; Value = "YQ15RSM10SDTL1"; VariantName = "[No Variations]"
Change component parameters (AddParameter): Name = "Mouser Part Number"; Value = "755-YQ15RSM10SDTL1"; VariantName = "[No Variations]"
Change component parameters (AddParameter): Name = "Mouser Price/Stock"; Value = "https://www.mouser.co.uk/ProductDetail/ROHM-Semiconductor/YQ15RSM10SDTL1?qs=Z%252BL2brAPG1JP7erh913hZg%3D%3D"; VariantName = "[No Variations]"
Change component parameters: Designator = "D5" ("D5"); Footprint = "FP-1N4007_SMD-IPC_C"; UniqueID = "\OWZDNAGD" ("\OWZDNAGD")
Change component parameters (AddParameter): Name = "Arrow Part Number"; Value = "PTVS12VP1UP,115"; VariantName = "[No Variations]"
Change component parameters (AddParameter): Name = "Arrow Price/Stock"; Value = "https://www.arrow.com/en/products/ptvs12vp1up115/nexperia"; VariantName = "[No Variations]"
Change component parameters (AddParameter): Name = "Datasheet Link"; Value = "https://assets.nexperia.com/documents/data-sheet/PTVSXP1UP_SER.pdf"; VariantName = "[No Variations]"
Change component parameters (AddParameter): Name = "Height"; Value = "1mm"; VariantName = "[No Variations]"
Change component parameters (AddParameter): Name = "Manufacturer_Name"; Value = "Nexperia"; VariantName = "[No Variations]"
Change component parameters (AddParameter): Name = "Manufacturer_Part_Number"; Value = "PTVS12VP1UP,115"; VariantName = "[No Variations]"
Change component parameters (AddParameter): Name = "Mouser Part Number"; Value = "771-PTVS12VP1UP115"; VariantName = "[No Variations]"
Change component parameters (AddParameter): Name = "Mouser Price/Stock"; Value = "https://www.mouser.co.uk/ProductDetail/Nexperia/PTVS12VP1UP115?qs=5eMHoInnifTeU9%2FVxPGuCA%3D%3D"; VariantName = "[No Variations]"
Change component parameters: Designator = "D6" ("D6"); Footprint = "FP-1N4007_SMD-IPC_C"; UniqueID = "\MCFGDULO" ("\MCFGDULO")
Change component parameters (AddParameter): Name = "Arrow Part Number"; Value = "PTVS12VP1UP,115"; VariantName = "[No Variations]"
Change component parameters (AddParameter): Name = "Arrow Price/Stock"; Value = "https://www.arrow.com/en/products/ptvs12vp1up115/nexperia"; VariantName = "[No Variations]"
Change component parameters (AddParameter): Name = "Datasheet Link"; Value = "https://assets.nexperia.com/documents/data-sheet/PTVSXP1UP_SER.pdf"; VariantName = "[No Variations]"
Change component parameters (AddParameter): Name = "Height"; Value = "1mm"; VariantName = "[No Variations]"
Change component parameters (AddParameter): Name = "Manufacturer_Name"; Value = "Nexperia"; VariantName = "[No Variations]"
Change component parameters (AddParameter): Name = "Manufacturer_Part_Number"; Value = "PTVS12VP1UP,115"; VariantName = "[No Variations]"
Change component parameters (AddParameter): Name = "Mouser Part Number"; Value = "771-PTVS12VP1UP115"; VariantName = "[No Variations]"
Change component parameters (AddParameter): Name = "Mouser Price/Stock"; Value = "https://www.mouser.co.uk/ProductDetail/Nexperia/PTVS12VP1UP115?qs=5eMHoInnifTeU9%2FVxPGuCA%3D%3D"; VariantName = "[No Variations]"
Change component parameters: Designator = "D7" ("D7"); Footprint = "FP-1N4007_SMD-IPC_C"; UniqueID = "\WNLKSKLA" ("\WNLKSKLA")
Change component parameters (AddParameter): Name = "Arrow Part Number"; Value = ""; VariantName = "[No Variations]"
Change component parameters (AddParameter): Name = "Arrow Price/Stock"; Value = ""; VariantName = "[No Variations]"
Change component parameters (AddParameter): Name = "Datasheet Link"; Value = "https://fscdn.rohm.com/en/products/databook/datasheet/discrete/diode/schottky_barrier/yq15rsm10sdtl1-e.pdf"; VariantName = "[No Variations]"
Change component parameters (AddParameter): Name = "Height"; Value = "1.2mm"; VariantName = "[No Variations]"
Change component parameters (AddParameter): Name = "Manufacturer_Name"; Value = "ROHM Semiconductor"; VariantName = "[No Variations]"
Change component parameters (AddParameter): Name = "Manufacturer_Part_Number"; Value = "YQ15RSM10SDTL1"; VariantName = "[No Variations]"
Change component parameters (AddParameter): Name = "Mouser Part Number"; Value = "755-YQ15RSM10SDTL1"; VariantName = "[No Variations]"
Change component parameters (AddParameter): Name = "Mouser Price/Stock"; Value = "https://www.mouser.co.uk/ProductDetail/ROHM-Semiconductor/YQ15RSM10SDTL1?qs=Z%252BL2brAPG1JP7erh913hZg%3D%3D"; VariantName = "[No Variations]"
Change component parameters: Designator = "D8" ("D8"); Footprint = "FP-1N4007_SMD-IPC_C"; UniqueID = "\XOZJHRTI" ("\XOZJHRTI")
Change component parameters (AddParameter): Name = "Availability"; Value = "Unavailable"; VariantName = "[No Variations]"
Change component parameters (AddParameter): Name = "MF"; Value = "{'manufacturer': u'OSRAM Opto'}"; VariantName = "[No Variations]"
Change component parameters (AddParameter): Name = "MP"; Value = "BPW_34_SR-Z"; VariantName = "[No Variations]"
Change component parameters (AddParameter): Name = "Package"; Value = "None"; VariantName = "[No Variations]"
Change component parameters (AddParameter): Name = "Price"; Value = "None"; VariantName = "[No Variations]"
Change component parameters (AddParameter): Name = "Value"; Value = ""; VariantName = "[No Variations]"
Change component parameters: Designator = "Q2" ("Q2"); Footprint = "FP-TO-18-MFG"; UniqueID = "\NCYYMOHQ" ("\NCYYMOHQ")
Change component parameters (AddParameter): Name = "Automotive Qualification Standard"; Value = "-"; VariantName = "[No Variations]"
Change component parameters (AddParameter): Name = "Collector Emitter Voltage V(br)ceo"; Value = "40V"; VariantName = "[No Variations]"
Change component parameters (AddParameter): Name = "Datasheet URL"; Value = "https://datasheet.ciiva.com/25917/cd00003223-25917094.pdf"; VariantName = "[No Variations]"
Change component parameters (AddParameter): Name = "Datasheet Version"; Value = "Feb-03"; VariantName = "[No Variations]"
Change component parameters (AddParameter): Name = "DC Collector Current"; Value = "600mA"; VariantName = "[No Variations]"
Change component parameters (AddParameter): Name = "DC Current Gain hFE"; Value = "300hFE"; VariantName = "[No Variations]"
Change component parameters (AddParameter): Name = "Manufacturer"; Value = "STMicroelectronics"; VariantName = "[No Variations]"
Change component parameters (AddParameter): Name = "Manufacturer URL"; Value = "http://www.st.com/"; VariantName = "[No Variations]"
Change component parameters (AddParameter): Name = "No. of Pins"; Value = "3Pins"; VariantName = "[No Variations]"
Change component parameters (AddParameter): Name = "Operating Temperature Max"; Value = "175degC"; VariantName = "[No Variations]"
Change component parameters (AddParameter): Name = "Package Description"; Value = "3-Pin Through Hole Device, Dia 5.8 mm, Pitch 1.27 mm"; VariantName = "[No Variations]"
Change component parameters (AddParameter): Name = "Package Reference"; Value = "TO-18-3"; VariantName = "[No Variations]"
Change component parameters (AddParameter): Name = "Power Dissipation Pd"; Value = "500mW"; VariantName = "[No Variations]"
Change component parameters (AddParameter): Name = "Product Range"; Value = "-"; VariantName = "[No Variations]"
Change component parameters (AddParameter): Name = "Transistor Case Style"; Value = "TO-18"; VariantName = "[No Variations]"
Change component parameters (AddParameter): Name = "Transistor Polarity"; Value = "NPN"; VariantName = "[No Variations]"
Change component parameters (AddParameter): Name = "Transition Frequency ft"; Value = "300MHz"; VariantName = "[No Variations]"
Change component parameters: Designator = "Q8" ("Q8"); Footprint = "FP-TO-18-MFG"; UniqueID = "\BRTVKEIB" ("\BRTVKEIB")
Change component parameters (AddParameter): Name = "Automotive Qualification Standard"; Value = "-"; VariantName = "[No Variations]"
Change component parameters (AddParameter): Name = "Collector Emitter Voltage V(br)ceo"; Value = "40V"; VariantName = "[No Variations]"
Change component parameters (AddParameter): Name = "Datasheet URL"; Value = "https://datasheet.ciiva.com/25917/cd00003223-25917094.pdf"; VariantName = "[No Variations]"
Change component parameters (AddParameter): Name = "Datasheet Version"; Value = "Feb-03"; VariantName = "[No Variations]"
Change component parameters (AddParameter): Name = "DC Collector Current"; Value = "600mA"; VariantName = "[No Variations]"
Change component parameters (AddParameter): Name = "DC Current Gain hFE"; Value = "300hFE"; VariantName = "[No Variations]"
Change component parameters (AddParameter): Name = "Manufacturer"; Value = "STMicroelectronics"; VariantName = "[No Variations]"
Change component parameters (AddParameter): Name = "Manufacturer URL"; Value = "http://www.st.com/"; VariantName = "[No Variations]"
Change component parameters (AddParameter): Name = "No. of Pins"; Value = "3Pins"; VariantName = "[No Variations]"
Change component parameters (AddParameter): Name = "Operating Temperature Max"; Value = "175degC"; VariantName = "[No Variations]"
Change component parameters (AddParameter): Name = "Package Description"; Value = "3-Pin Through Hole Device, Dia 5.8 mm, Pitch 1.27 mm"; VariantName = "[No Variations]"
Change component parameters (AddParameter): Name = "Package Reference"; Value = "TO-18-3"; VariantName = "[No Variations]"
Change component parameters (AddParameter): Name = "Power Dissipation Pd"; Value = "500mW"; VariantName = "[No Variations]"
Change component parameters (AddParameter): Name = "Product Range"; Value = "-"; VariantName = "[No Variations]"
Change component parameters (AddParameter): Name = "Transistor Case Style"; Value = "TO-18"; VariantName = "[No Variations]"
Change component parameters (AddParameter): Name = "Transistor Polarity"; Value = "NPN"; VariantName = "[No Variations]"
Change component parameters (AddParameter): Name = "Transition Frequency ft"; Value = "300MHz"; VariantName = "[No Variations]"
Added Component: Designator=*(PCBComponent_1)
Added Component: Designator=F1(FUSC3316X137N)
Add component (AddParameter): Name = "Arrow Part Number"; Value = ""; VariantName = "[No Variations]"
Add component (AddParameter): Name = "Arrow Price/Stock"; Value = ""; VariantName = "[No Variations]"
Add component (AddParameter): Name = "Datasheet Link"; Value = "https://cdn1-originals.webdamdb.com/12956_149052564?cache=1683183235&response-content-disposition=inline;filename=Littelfuse_Fuse_483A.pdf&response-content-type=application/pdf&Policy=eyJTdGF0ZW1lbnQiOlt7IlJlc291cmNlIjoiaHR0cCo6Ly9jZG4xLW9yaWdpbmFscy53ZWJ"; VariantName = "[No Variations]"
Add component (AddParameter): Name = "Height"; Value = "1.371mm"; VariantName = "[No Variations]"
Add component (AddParameter): Name = "Manufacturer_Name"; Value = "LITTELFUSE"; VariantName = "[No Variations]"
Add component (AddParameter): Name = "Manufacturer_Part_Number"; Value = "0483005.DR"; VariantName = "[No Variations]"
Add component (AddParameter): Name = "Mouser Part Number"; Value = "576-0483005.DR"; VariantName = "[No Variations]"
Add component (AddParameter): Name = "Mouser Price/Stock"; Value = "https://www.mouser.co.uk/ProductDetail/Littelfuse/0483005.DR?qs=%252BEew9%252B0nqrAp%252B2CptGC9xg%3D%3D"; VariantName = "[No Variations]"
Added Component: Designator=F2(FUSC3316X137N)
Add component (AddParameter): Name = "Arrow Part Number"; Value = ""; VariantName = "[No Variations]"
Add component (AddParameter): Name = "Arrow Price/Stock"; Value = ""; VariantName = "[No Variations]"
Add component (AddParameter): Name = "Datasheet Link"; Value = "https://www.littelfuse.com/media?resourcetype=datasheets&itemid=c0438919-6934-484b-af98-072ed2079425&filename=littelfuse-fuse-483a"; VariantName = "[No Variations]"
Add component (AddParameter): Name = "Height"; Value = "1.371mm"; VariantName = "[No Variations]"
Add component (AddParameter): Name = "Manufacturer_Name"; Value = "LITTELFUSE"; VariantName = "[No Variations]"
Add component (AddParameter): Name = "Manufacturer_Part_Number"; Value = "0483010.DR"; VariantName = "[No Variations]"
Add component (AddParameter): Name = "Mouser Part Number"; Value = ""; VariantName = "[No Variations]"
Add component (AddParameter): Name = "Mouser Price/Stock"; Value = ""; VariantName = "[No Variations]"
Added Component: Designator=F3(FUSC3316X137N)
Add component (AddParameter): Name = "Arrow Part Number"; Value = ""; VariantName = "[No Variations]"
Add component (AddParameter): Name = "Arrow Price/Stock"; Value = ""; VariantName = "[No Variations]"
Add component (AddParameter): Name = "Datasheet Link"; Value = "https://cdn1-originals.webdamdb.com/12956_149052564?cache=1683183235&response-content-disposition=inline;filename=Littelfuse_Fuse_483A.pdf&response-content-type=application/pdf&Policy=eyJTdGF0ZW1lbnQiOlt7IlJlc291cmNlIjoiaHR0cCo6Ly9jZG4xLW9yaWdpbmFscy53ZWJ"; VariantName = "[No Variations]"
Add component (AddParameter): Name = "Height"; Value = "1.371mm"; VariantName = "[No Variations]"
Add component (AddParameter): Name = "Manufacturer_Name"; Value = "LITTELFUSE"; VariantName = "[No Variations]"
Add component (AddParameter): Name = "Manufacturer_Part_Number"; Value = "0483005.DR"; VariantName = "[No Variations]"
Add component (AddParameter): Name = "Mouser Part Number"; Value = "576-0483005.DR"; VariantName = "[No Variations]"
Add component (AddParameter): Name = "Mouser Price/Stock"; Value = "https://www.mouser.co.uk/ProductDetail/Littelfuse/0483005.DR?qs=%252BEew9%252B0nqrAp%252B2CptGC9xg%3D%3D"; VariantName = "[No Variations]"
Add Component: Footprint Not Found RES_CRHP1206_VIS
Add Component: Footprint Not Found CH4659-ALD_COC
Added Component: Designator=U5(SOIC127P600X175-8N)
Add component (AddParameter): Name = "Availability"; Value = "Unavailable"; VariantName = "[No Variations]"
Add component (AddParameter): Name = "MF"; Value = "{'manufacturer': u'Analog Devices'}"; VariantName = "[No Variations]"
Add component (AddParameter): Name = "MP"; Value = "ADA4530-1ARZ"; VariantName = "[No Variations]"
Add component (AddParameter): Name = "Package"; Value = "None"; VariantName = "[No Variations]"
Add component (AddParameter): Name = "Price"; Value = "None"; VariantName = "[No Variations]"
Add component (AddParameter): Name = "Value"; Value = ""; VariantName = "[No Variations]"
Add Pin To Net: Unknown Pin: Pin C1-1
Add Pin To Net: Unknown Pin: Pin C1-2
Add Pin To Net: Unknown Pin: Pin C2-1
Add Pin To Net: Unknown Pin: Pin C2-2
Add Pin To Net: Unknown Pin: Pin C3-1
Added Pin To Net: NetName=NetD3_1 Pin=D3-2
Added Pin To Net: NetName=NetD15_1 Pin=D5-1
Added Pin To Net: NetName=GND Pin=D7-1
Added Pin To Net: NetName=GND Pin=D7-2
Added Pin To Net: NetName=GND Pin=D8-C
Added Pin To Net: NetName=NetC2_2 Pin=F1-1
Added Pin To Net: NetName=NetC2_2 Pin=F3-1
Added Pin To Net: NetName=NetQ2_2 Pin=Q5-1
Added Pin To Net: NetName=NetQ1_3 Pin=Q6-3
Added Pin To Net: NetName=NetQ1_3 Pin=Q6-4
Added Pin To Net: NetName=NetQ1_3 Pin=Q6-5
Added Pin To Net: NetName=NetQ1_3 Pin=Q6-6
Added Pin To Net: NetName=NetQ1_3 Pin=Q6-7
Add Pin To Net: Unknown Pin: Pin R3-1
Add Pin To Net: Unknown Pin: Pin R4-2
Add Pin To Net: Unknown Pin: Pin R5-1
Add Pin To Net: Unknown Pin: Pin R5-2
Add Pin To Net: Unknown Pin: Pin R6-1
Add Pin To Net: Unknown Pin: Pin R6-2
Add Pin To Net: Unknown Pin: Pin R7-1
Add Pin To Net: Unknown Pin: Pin R9-1
Add Pin To Net: Unknown Pin: Pin R11-2
Add Pin To Net: Unknown Pin: Pin R13-1
Add Pin To Net: Unknown Pin: Pin R13-2
Add Pin To Net: Unknown Pin: Pin R14-1
Add Pin To Net: Unknown Pin: Pin R14-2
Add Pin To Net: Unknown Pin: Pin U1-2
Add Pin To Net: Unknown Pin: Pin U1-3
Add Pin To Net: Unknown Pin: Pin U1-4
Added Pin To Net: NetName=GND Pin=U5-1
Change Net Name : Old Net Name=NetD15_1 New Net Name=NetD5_1
Added Pin To Net: NetName=NetC3_2 Pin=D7-3
Added Pin To Net: NetName=NetC3_2 Pin=Q5-3
Added Pin To Net: NetName=NetC3_2 Pin=Q7-3
Added Net: Name=NetC3_2
Added Pin To Net: NetName=NetD3_3 Pin=D3-3
Added Pin To Net: NetName=NetD3_3 Pin=D4-1
Added Pin To Net: NetName=NetD3_3 Pin=D4-2
Added Net: Name=NetD3_3
Added Pin To Net: NetName=NetD4_3 Pin=D4-3
Added Pin To Net: NetName=NetD4_3 Pin=F2-1
Added Net: Name=NetD4_3
Added Pin To Net: NetName=NetD5_2 Pin=D5-2
Added Pin To Net: NetName=NetD5_2 Pin=D6-2
Added Net: Name=NetD5_2
Added Pin To Net: NetName=NetD6_1 Pin=D6-1
Added Pin To Net: NetName=NetD6_1 Pin=Q6-2
Added Net: Name=NetD6_1
Added Pin To Net: NetName=NetD8_A Pin=D8-A
Added Pin To Net: NetName=NetD8_A Pin=U5-8
Added Net: Name=NetD8_A
Added Pin To Net: NetName=NetD11_1 Pin=D11-1
Added Pin To Net: NetName=NetD11_1 Pin=D12-1
Added Pin To Net: NetName=NetD11_1 Pin=F2-2
Added Net: Name=NetD11_1
Added Pin To Net: NetName=NetF1_2 Pin=F1-2
Added Pin To Net: NetName=NetF1_2 Pin=Q1-8
Added Net: Name=NetF1_2
Added Pin To Net: NetName=NetF3_2 Pin=F3-2
Added Pin To Net: NetName=NetF3_2 Pin=Q6-8
Added Net: Name=NetF3_2
Added Pin To Net: NetName=NetQ2_1 Pin=Q2-1
Added Net: Name=NetQ2_1
Added Pin To Net: NetName=NetQ5_4 Pin=Q5-4
Added Pin To Net: NetName=NetQ5_4 Pin=Q7-4
Added Net: Name=NetQ5_4
Added Pin To Net: NetName=NetQ7_1 Pin=Q7-1
Added Pin To Net: NetName=NetQ7_1 Pin=Q8-2
Added Net: Name=NetQ7_1
Added Pin To Net: NetName=NetQ8_1 Pin=Q8-1
Added Net: Name=NetQ8_1
Added Net: Name=NetR8_1
Added Net: Name=NetR12_1
Added Pin To Net: NetName=NetR15_2 Pin=U5-6
Added Net: Name=NetR15_2
Added Pin To Net: NetName=NetU5_2 Pin=U5-2
Added Pin To Net: NetName=NetU5_2 Pin=U5-7
Added Net: Name=NetU5_2
Added Class: Name=SolidStateDosimeter
Added Member To Class: ClassName=Connector Member=Component * ACRK-16-01-G-T-B1-M-1
Add Class Member: Failed to add class member : Component C1 Capacitor
Add Class Member: Failed to add class member : Component C2 Capacitor
Add Class Member: Failed to add class member : Component C3 Capacitor
Added Member To Class: ClassName=PassElement Member=Component F1 0483005.DR
Added Member To Class: ClassName=PassElement Member=Component F2 0483010.DR
Added Member To Class: ClassName=PassElement Member=Component F3 0483005.DR
Add Class Member: Failed to add class member : Component R3 Resistor
Add Class Member: Failed to add class member : Component R4 Resistor
Add Class Member: Failed to add class member : Component R5 Resistor
Add Class Member: Failed to add class member : Component R6 Resistor
Add Class Member: Failed to add class member : Component R7 Resistor
Add Class Member: Failed to add class member : Component R8 Resistor
Add Class Member: Failed to add class member : Component R9 Resistor
Add Class Member: Failed to add class member : Component R10 Resistor
Add Class Member: Failed to add class member : Component R11 Resistor
Add Class Member: Failed to add class member : Component R12 Resistor
Add Class Member: Failed to add class member : Component R13 Resistor
Add Class Member: Failed to add class member : Component R14 Resistor
Add Class Member: Failed to add class member : Component U1 CH4659-ALD
