Added Component: Designator=Q?(STM-TO-18-3)
Add component (AddParameter): Name = "Automotive Qualification Standard"; Value = "-"; VariantName = "[No Variations]"
Add component (AddParameter): Name = "Collector Emitter Voltage V(br)ceo"; Value = "40V"; VariantName = "[No Variations]"
Add component (AddParameter): Name = "Datasheet URL"; Value = "https://datasheet.ciiva.com/25917/cd00003223-25917094.pdf"; VariantName = "[No Variations]"
Add component (AddParameter): Name = "Datasheet Version"; Value = "Feb-03"; VariantName = "[No Variations]"
Add component (AddParameter): Name = "DC Collector Current"; Value = "600mA"; VariantName = "[No Variations]"
Add component (AddParameter): Name = "DC Current Gain hFE"; Value = "300hFE"; VariantName = "[No Variations]"
Add component (AddParameter): Name = "Manufacturer"; Value = "STMicroelectronics"; VariantName = "[No Variations]"
Add component (AddParameter): Name = "Manufacturer URL"; Value = "http://www.st.com/"; VariantName = "[No Variations]"
Add component (AddParameter): Name = "No. of Pins"; Value = "3Pins"; VariantName = "[No Variations]"
Add component (AddParameter): Name = "Operating Temperature Max"; Value = "175degC"; VariantName = "[No Variations]"
Add component (AddParameter): Name = "Package Description"; Value = "3-Pin Through Hole Device, Dia 5.8 mm, Pitch 1.27 mm"; VariantName = "[No Variations]"
Add component (AddParameter): Name = "Package Reference"; Value = "TO-18-3"; VariantName = "[No Variations]"
Add component (AddParameter): Name = "Power Dissipation Pd"; Value = "500mW"; VariantName = "[No Variations]"
Add component (AddParameter): Name = "Product Range"; Value = "-"; VariantName = "[No Variations]"
Add component (AddParameter): Name = "Transistor Case Style"; Value = "TO-18"; VariantName = "[No Variations]"
Add component (AddParameter): Name = "Transistor Polarity"; Value = "NPN"; VariantName = "[No Variations]"
Add component (AddParameter): Name = "Transition Frequency ft"; Value = "300MHz"; VariantName = "[No Variations]"
Added Component: Designator=Q?(STM-TO-18-3)
Add component (AddParameter): Name = "Automotive Qualification Standard"; Value = "-"; VariantName = "[No Variations]"
Add component (AddParameter): Name = "Collector Emitter Voltage V(br)ceo"; Value = "40V"; VariantName = "[No Variations]"
Add component (AddParameter): Name = "Datasheet URL"; Value = "https://datasheet.ciiva.com/25917/cd00003223-25917094.pdf"; VariantName = "[No Variations]"
Add component (AddParameter): Name = "Datasheet Version"; Value = "Feb-03"; VariantName = "[No Variations]"
Add component (AddParameter): Name = "DC Collector Current"; Value = "600mA"; VariantName = "[No Variations]"
Add component (AddParameter): Name = "DC Current Gain hFE"; Value = "300hFE"; VariantName = "[No Variations]"
Add component (AddParameter): Name = "Manufacturer"; Value = "STMicroelectronics"; VariantName = "[No Variations]"
Add component (AddParameter): Name = "Manufacturer URL"; Value = "http://www.st.com/"; VariantName = "[No Variations]"
Add component (AddParameter): Name = "No. of Pins"; Value = "3Pins"; VariantName = "[No Variations]"
Add component (AddParameter): Name = "Operating Temperature Max"; Value = "175degC"; VariantName = "[No Variations]"
Add component (AddParameter): Name = "Package Description"; Value = "3-Pin Through Hole Device, Dia 5.8 mm, Pitch 1.27 mm"; VariantName = "[No Variations]"
Add component (AddParameter): Name = "Package Reference"; Value = "TO-18-3"; VariantName = "[No Variations]"
Add component (AddParameter): Name = "Power Dissipation Pd"; Value = "500mW"; VariantName = "[No Variations]"
Add component (AddParameter): Name = "Product Range"; Value = "-"; VariantName = "[No Variations]"
Add component (AddParameter): Name = "Transistor Case Style"; Value = "TO-18"; VariantName = "[No Variations]"
Add component (AddParameter): Name = "Transistor Polarity"; Value = "NPN"; VariantName = "[No Variations]"
Add component (AddParameter): Name = "Transition Frequency ft"; Value = "300MHz"; VariantName = "[No Variations]"
Add Component: Footprint Not Found RES_CRHP1206_VIS
Add Component: Footprint Not Found CH4659-ALD_COC
Add Pin To Net: Unknown Pin: Pin C1-1
Add Pin To Net: Unknown Pin: Pin C1-2
Add Pin To Net: Unknown Pin: Pin C2-1
Add Pin To Net: Unknown Pin: Pin C2-2
Add Pin To Net: Unknown Pin: Pin C3-1
Add Pin To Net: Unknown Pin: Pin C3-2
Added Pin To Net: NetName=NetD1_1 Pin=Q?-2
Added Pin To Net: NetName=NetD5_1 Pin=Q?-2
Added Pin To Net: NetName=NetQ2_3 Pin=Q?-3
Added Pin To Net: NetName=NetQ2_3 Pin=Q?-3
Add Pin To Net: Unknown Pin: Pin R3-1
Add Pin To Net: Unknown Pin: Pin R3-2
Add Pin To Net: Unknown Pin: Pin R4-1
Add Pin To Net: Unknown Pin: Pin R4-2
Add Pin To Net: Unknown Pin: Pin R5-1
Add Pin To Net: Unknown Pin: Pin R5-2
Add Pin To Net: Unknown Pin: Pin R6-1
Add Pin To Net: Unknown Pin: Pin R6-2
Add Pin To Net: Unknown Pin: Pin R7-1
Add Pin To Net: Unknown Pin: Pin R7-2
Add Pin To Net: Unknown Pin: Pin R8-1
Add Pin To Net: Unknown Pin: Pin R8-2
Add Pin To Net: Unknown Pin: Pin R9-1
Add Pin To Net: Unknown Pin: Pin R9-2
Add Pin To Net: Unknown Pin: Pin R10-1
Add Pin To Net: Unknown Pin: Pin R10-2
Add Pin To Net: Unknown Pin: Pin R11-1
Add Pin To Net: Unknown Pin: Pin R11-2
Add Pin To Net: Unknown Pin: Pin R12-1
Add Pin To Net: Unknown Pin: Pin R12-2
Add Pin To Net: Unknown Pin: Pin R13-1
Add Pin To Net: Unknown Pin: Pin R13-2
Add Pin To Net: Unknown Pin: Pin R14-1
Add Pin To Net: Unknown Pin: Pin R14-2
Add Pin To Net: Unknown Pin: Pin R15-1
Add Pin To Net: Unknown Pin: Pin R15-2
Add Pin To Net: Unknown Pin: Pin R?-1
Add Pin To Net: Unknown Pin: Pin R?-1
Add Pin To Net: Unknown Pin: Pin U1-1
Add Pin To Net: Unknown Pin: Pin U1-2
Add Pin To Net: Unknown Pin: Pin U1-3
Add Pin To Net: Unknown Pin: Pin U1-4
Added Pin To Net: NetName=NetQ?_1 Pin=Q?-1
Added Net: Name=NetQ?_1
Add Net: Net with name "NetQ?_1" already exists
Add Class Member: Failed to add class member : Component C1 Capacitor
Add Class Member: Failed to add class member : Component C2 Capacitor
Add Class Member: Failed to add class member : Component C3 Capacitor
Added Member To Class: ClassName=SolidStateDosimeter Member=Component C5 CC0603KRX7R7BB105
Added Member To Class: ClassName=SolidStateDosimeter Member=Component FB1 MH1608-601Y
Added Member To Class: ClassName=PassElement Member=Component Q? 2N2222A
Added Member To Class: ClassName=PassElement Member=Component Q? 2N2222A
Add Class Member: Failed to add class member : Component R3 Resistor
Add Class Member: Failed to add class member : Component R4 Resistor
Add Class Member: Failed to add class member : Component R5 Resistor
Add Class Member: Failed to add class member : Component R6 Resistor
Add Class Member: Failed to add class member : Component R7 Resistor
Add Class Member: Failed to add class member : Component R8 Resistor
Add Class Member: Failed to add class member : Component R9 Resistor
Add Class Member: Failed to add class member : Component R10 Resistor
Add Class Member: Failed to add class member : Component R11 Resistor
Add Class Member: Failed to add class member : Component R12 Resistor
Add Class Member: Failed to add class member : Component R13 Resistor
Add Class Member: Failed to add class member : Component R14 Resistor
Add Class Member: Failed to add class member : Component R15 CRHP1206AF1G00FKET
Add Class Member: Failed to add class member : Component R? Resistor
Add Class Member: Failed to add class member : Component R? Resistor
Add Class Member: Failed to add class member : Component U1 CH4659-ALD
