Added Component: Designator=TP1(KEYSTONE_5019)
Add component (AddParameter): Name = "Availability"; Value = "Unavailable"; VariantName = "[No Variations]"
Add component (AddParameter): Name = "MF"; Value = "{'manufacturer': u'Keystone Electronics'}"; VariantName = "[No Variations]"
Add component (AddParameter): Name = "MP"; Value = "5019"; VariantName = "[No Variations]"
Add component (AddParameter): Name = "Package"; Value = "None"; VariantName = "[No Variations]"
Add component (AddParameter): Name = "Price"; Value = "None"; VariantName = "[No Variations]"
Add component (AddParameter): Name = "Value"; Value = ""; VariantName = "[No Variations]"
Added Component: Designator=TP2(KEYSTONE_5019)
Add component (AddParameter): Name = "Availability"; Value = "Unavailable"; VariantName = "[No Variations]"
Add component (AddParameter): Name = "MF"; Value = "{'manufacturer': u'Keystone Electronics'}"; VariantName = "[No Variations]"
Add component (AddParameter): Name = "MP"; Value = "5019"; VariantName = "[No Variations]"
Add component (AddParameter): Name = "Package"; Value = "None"; VariantName = "[No Variations]"
Add component (AddParameter): Name = "Price"; Value = "None"; VariantName = "[No Variations]"
Add component (AddParameter): Name = "Value"; Value = ""; VariantName = "[No Variations]"
Added Component: Designator=TP3(KEYSTONE_5019)
Add component (AddParameter): Name = "Availability"; Value = "Unavailable"; VariantName = "[No Variations]"
Add component (AddParameter): Name = "MF"; Value = "{'manufacturer': u'Keystone Electronics'}"; VariantName = "[No Variations]"
Add component (AddParameter): Name = "MP"; Value = "5019"; VariantName = "[No Variations]"
Add component (AddParameter): Name = "Package"; Value = "None"; VariantName = "[No Variations]"
Add component (AddParameter): Name = "Price"; Value = "None"; VariantName = "[No Variations]"
Add component (AddParameter): Name = "Value"; Value = ""; VariantName = "[No Variations]"
Added Component: Designator=TP4_Temperature_Enhanced_WB1(KEYSTONE_5019)
Add component (AddParameter): Name = "Availability"; Value = "Unavailable"; VariantName = "[No Variations]"
Add component (AddParameter): Name = "MF"; Value = "{'manufacturer': u'Keystone Electronics'}"; VariantName = "[No Variations]"
Add component (AddParameter): Name = "MP"; Value = "5019"; VariantName = "[No Variations]"
Add component (AddParameter): Name = "Package"; Value = "None"; VariantName = "[No Variations]"
Add component (AddParameter): Name = "Price"; Value = "None"; VariantName = "[No Variations]"
Add component (AddParameter): Name = "Value"; Value = ""; VariantName = "[No Variations]"
Added Component: Designator=TP4_Temperature_Enhanced_WB2(KEYSTONE_5019)
Add component (AddParameter): Name = "Availability"; Value = "Unavailable"; VariantName = "[No Variations]"
Add component (AddParameter): Name = "MF"; Value = "{'manufacturer': u'Keystone Electronics'}"; VariantName = "[No Variations]"
Add component (AddParameter): Name = "MP"; Value = "5019"; VariantName = "[No Variations]"
Add component (AddParameter): Name = "Package"; Value = "None"; VariantName = "[No Variations]"
Add component (AddParameter): Name = "Price"; Value = "None"; VariantName = "[No Variations]"
Add component (AddParameter): Name = "Value"; Value = ""; VariantName = "[No Variations]"
Added Component: Designator=TP5_Temperature_Enhanced_WB1(KEYSTONE_5019)
Add component (AddParameter): Name = "Availability"; Value = "Unavailable"; VariantName = "[No Variations]"
Add component (AddParameter): Name = "MF"; Value = "{'manufacturer': u'Keystone Electronics'}"; VariantName = "[No Variations]"
Add component (AddParameter): Name = "MP"; Value = "5019"; VariantName = "[No Variations]"
Add component (AddParameter): Name = "Package"; Value = "None"; VariantName = "[No Variations]"
Add component (AddParameter): Name = "Price"; Value = "None"; VariantName = "[No Variations]"
Add component (AddParameter): Name = "Value"; Value = ""; VariantName = "[No Variations]"
Added Component: Designator=TP5_Temperature_Enhanced_WB2(KEYSTONE_5019)
Add component (AddParameter): Name = "Availability"; Value = "Unavailable"; VariantName = "[No Variations]"
Add component (AddParameter): Name = "MF"; Value = "{'manufacturer': u'Keystone Electronics'}"; VariantName = "[No Variations]"
Add component (AddParameter): Name = "MP"; Value = "5019"; VariantName = "[No Variations]"
Add component (AddParameter): Name = "Package"; Value = "None"; VariantName = "[No Variations]"
Add component (AddParameter): Name = "Price"; Value = "None"; VariantName = "[No Variations]"
Add component (AddParameter): Name = "Value"; Value = ""; VariantName = "[No Variations]"
Added Component: Designator=TP6_Temperature_Enhanced_WB1(KEYSTONE_5019)
Add component (AddParameter): Name = "Availability"; Value = "Unavailable"; VariantName = "[No Variations]"
Add component (AddParameter): Name = "MF"; Value = "{'manufacturer': u'Keystone Electronics'}"; VariantName = "[No Variations]"
Add component (AddParameter): Name = "MP"; Value = "5019"; VariantName = "[No Variations]"
Add component (AddParameter): Name = "Package"; Value = "None"; VariantName = "[No Variations]"
Add component (AddParameter): Name = "Price"; Value = "None"; VariantName = "[No Variations]"
Add component (AddParameter): Name = "Value"; Value = ""; VariantName = "[No Variations]"
Added Component: Designator=TP6_Temperature_Enhanced_WB2(KEYSTONE_5019)
Add component (AddParameter): Name = "Availability"; Value = "Unavailable"; VariantName = "[No Variations]"
Add component (AddParameter): Name = "MF"; Value = "{'manufacturer': u'Keystone Electronics'}"; VariantName = "[No Variations]"
Add component (AddParameter): Name = "MP"; Value = "5019"; VariantName = "[No Variations]"
Add component (AddParameter): Name = "Package"; Value = "None"; VariantName = "[No Variations]"
Add component (AddParameter): Name = "Price"; Value = "None"; VariantName = "[No Variations]"
Add component (AddParameter): Name = "Value"; Value = ""; VariantName = "[No Variations]"
Added Component: Designator=TP7_Temperature_Enhanced_WB1(KEYSTONE_5019)
Add component (AddParameter): Name = "Availability"; Value = "Unavailable"; VariantName = "[No Variations]"
Add component (AddParameter): Name = "MF"; Value = "{'manufacturer': u'Keystone Electronics'}"; VariantName = "[No Variations]"
Add component (AddParameter): Name = "MP"; Value = "5019"; VariantName = "[No Variations]"
Add component (AddParameter): Name = "Package"; Value = "None"; VariantName = "[No Variations]"
Add component (AddParameter): Name = "Price"; Value = "None"; VariantName = "[No Variations]"
Add component (AddParameter): Name = "Value"; Value = ""; VariantName = "[No Variations]"
Added Component: Designator=TP7_Temperature_Enhanced_WB2(KEYSTONE_5019)
Add component (AddParameter): Name = "Availability"; Value = "Unavailable"; VariantName = "[No Variations]"
Add component (AddParameter): Name = "MF"; Value = "{'manufacturer': u'Keystone Electronics'}"; VariantName = "[No Variations]"
Add component (AddParameter): Name = "MP"; Value = "5019"; VariantName = "[No Variations]"
Add component (AddParameter): Name = "Package"; Value = "None"; VariantName = "[No Variations]"
Add component (AddParameter): Name = "Price"; Value = "None"; VariantName = "[No Variations]"
Add component (AddParameter): Name = "Value"; Value = ""; VariantName = "[No Variations]"
Added Component: Designator=TP8_Temperature_Enhanced_WB1(KEYSTONE_5019)
Add component (AddParameter): Name = "Availability"; Value = "Unavailable"; VariantName = "[No Variations]"
Add component (AddParameter): Name = "MF"; Value = "{'manufacturer': u'Keystone Electronics'}"; VariantName = "[No Variations]"
Add component (AddParameter): Name = "MP"; Value = "5019"; VariantName = "[No Variations]"
Add component (AddParameter): Name = "Package"; Value = "None"; VariantName = "[No Variations]"
Add component (AddParameter): Name = "Price"; Value = "None"; VariantName = "[No Variations]"
Add component (AddParameter): Name = "Value"; Value = ""; VariantName = "[No Variations]"
Added Component: Designator=TP8_Temperature_Enhanced_WB2(KEYSTONE_5019)
Add component (AddParameter): Name = "Availability"; Value = "Unavailable"; VariantName = "[No Variations]"
Add component (AddParameter): Name = "MF"; Value = "{'manufacturer': u'Keystone Electronics'}"; VariantName = "[No Variations]"
Add component (AddParameter): Name = "MP"; Value = "5019"; VariantName = "[No Variations]"
Add component (AddParameter): Name = "Package"; Value = "None"; VariantName = "[No Variations]"
Add component (AddParameter): Name = "Price"; Value = "None"; VariantName = "[No Variations]"
Add component (AddParameter): Name = "Value"; Value = ""; VariantName = "[No Variations]"
Added Component: Designator=TP9(KEYSTONE_5019)
Add component (AddParameter): Name = "Availability"; Value = "Unavailable"; VariantName = "[No Variations]"
Add component (AddParameter): Name = "MF"; Value = "{'manufacturer': u'Keystone Electronics'}"; VariantName = "[No Variations]"
Add component (AddParameter): Name = "MP"; Value = "5019"; VariantName = "[No Variations]"
Add component (AddParameter): Name = "Package"; Value = "None"; VariantName = "[No Variations]"
Add component (AddParameter): Name = "Price"; Value = "None"; VariantName = "[No Variations]"
Add component (AddParameter): Name = "Value"; Value = ""; VariantName = "[No Variations]"
Added Component: Designator=TP10(KEYSTONE_5019)
Add component (AddParameter): Name = "Availability"; Value = "Unavailable"; VariantName = "[No Variations]"
Add component (AddParameter): Name = "MF"; Value = "{'manufacturer': u'Keystone Electronics'}"; VariantName = "[No Variations]"
Add component (AddParameter): Name = "MP"; Value = "5019"; VariantName = "[No Variations]"
Add component (AddParameter): Name = "Package"; Value = "None"; VariantName = "[No Variations]"
Add component (AddParameter): Name = "Price"; Value = "None"; VariantName = "[No Variations]"
Add component (AddParameter): Name = "Value"; Value = ""; VariantName = "[No Variations]"
Added Component: Designator=TP11(KEYSTONE_5019)
Add component (AddParameter): Name = "Availability"; Value = "Unavailable"; VariantName = "[No Variations]"
Add component (AddParameter): Name = "MF"; Value = "{'manufacturer': u'Keystone Electronics'}"; VariantName = "[No Variations]"
Add component (AddParameter): Name = "MP"; Value = "5019"; VariantName = "[No Variations]"
Add component (AddParameter): Name = "Package"; Value = "None"; VariantName = "[No Variations]"
Add component (AddParameter): Name = "Price"; Value = "None"; VariantName = "[No Variations]"
Add component (AddParameter): Name = "Value"; Value = ""; VariantName = "[No Variations]"
Added Component: Designator=TP12(KEYSTONE_5019)
Add component (AddParameter): Name = "Availability"; Value = "Unavailable"; VariantName = "[No Variations]"
Add component (AddParameter): Name = "MF"; Value = "{'manufacturer': u'Keystone Electronics'}"; VariantName = "[No Variations]"
Add component (AddParameter): Name = "MP"; Value = "5019"; VariantName = "[No Variations]"
Add component (AddParameter): Name = "Package"; Value = "None"; VariantName = "[No Variations]"
Add component (AddParameter): Name = "Price"; Value = "None"; VariantName = "[No Variations]"
Add component (AddParameter): Name = "Value"; Value = ""; VariantName = "[No Variations]"
Added Component: Designator=TP13(KEYSTONE_5019)
Add component (AddParameter): Name = "Availability"; Value = "Unavailable"; VariantName = "[No Variations]"
Add component (AddParameter): Name = "MF"; Value = "{'manufacturer': u'Keystone Electronics'}"; VariantName = "[No Variations]"
Add component (AddParameter): Name = "MP"; Value = "5019"; VariantName = "[No Variations]"
Add component (AddParameter): Name = "Package"; Value = "None"; VariantName = "[No Variations]"
Add component (AddParameter): Name = "Price"; Value = "None"; VariantName = "[No Variations]"
Add component (AddParameter): Name = "Value"; Value = ""; VariantName = "[No Variations]"
Added Component: Designator=TP14(KEYSTONE_5019)
Add component (AddParameter): Name = "Availability"; Value = "Unavailable"; VariantName = "[No Variations]"
Add component (AddParameter): Name = "MF"; Value = "{'manufacturer': u'Keystone Electronics'}"; VariantName = "[No Variations]"
Add component (AddParameter): Name = "MP"; Value = "5019"; VariantName = "[No Variations]"
Add component (AddParameter): Name = "Package"; Value = "None"; VariantName = "[No Variations]"
Add component (AddParameter): Name = "Price"; Value = "None"; VariantName = "[No Variations]"
Add component (AddParameter): Name = "Value"; Value = ""; VariantName = "[No Variations]"
Added Component: Designator=TP15(KEYSTONE_5019)
Add component (AddParameter): Name = "Availability"; Value = "Unavailable"; VariantName = "[No Variations]"
Add component (AddParameter): Name = "MF"; Value = "{'manufacturer': u'Keystone Electronics'}"; VariantName = "[No Variations]"
Add component (AddParameter): Name = "MP"; Value = "5019"; VariantName = "[No Variations]"
Add component (AddParameter): Name = "Package"; Value = "None"; VariantName = "[No Variations]"
Add component (AddParameter): Name = "Price"; Value = "None"; VariantName = "[No Variations]"
Add component (AddParameter): Name = "Value"; Value = ""; VariantName = "[No Variations]"
Added Component: Designator=TP16(KEYSTONE_5019)
Add component (AddParameter): Name = "Availability"; Value = "Unavailable"; VariantName = "[No Variations]"
Add component (AddParameter): Name = "MF"; Value = "{'manufacturer': u'Keystone Electronics'}"; VariantName = "[No Variations]"
Add component (AddParameter): Name = "MP"; Value = "5019"; VariantName = "[No Variations]"
Add component (AddParameter): Name = "Package"; Value = "None"; VariantName = "[No Variations]"
Add component (AddParameter): Name = "Price"; Value = "None"; VariantName = "[No Variations]"
Add component (AddParameter): Name = "Value"; Value = ""; VariantName = "[No Variations]"
Added Component: Designator=TP17(KEYSTONE_5019)
Add component (AddParameter): Name = "Availability"; Value = "Unavailable"; VariantName = "[No Variations]"
Add component (AddParameter): Name = "MF"; Value = "{'manufacturer': u'Keystone Electronics'}"; VariantName = "[No Variations]"
Add component (AddParameter): Name = "MP"; Value = "5019"; VariantName = "[No Variations]"
Add component (AddParameter): Name = "Package"; Value = "None"; VariantName = "[No Variations]"
Add component (AddParameter): Name = "Price"; Value = "None"; VariantName = "[No Variations]"
Add component (AddParameter): Name = "Value"; Value = ""; VariantName = "[No Variations]"
Added Pin To Net: NetName=NetAmph_5 Pin=TP1-TP
Added Pin To Net: NetName=NetAmph_7 Pin=TP2-TP
Added Pin To Net: NetName=GND Pin=TP3-TP
Added Pin To Net: NetName=NetJ1_5 Pin=TP4_Temperature_Enhanced_WB1-TP
Added Pin To Net: NetName=NetJ1_5 Pin=TP4_Temperature_Enhanced_WB2-TP
Added Pin To Net: NetName=NetJ1_3 Pin=TP5_Temperature_Enhanced_WB1-TP
Added Pin To Net: NetName=NetJ1_3 Pin=TP5_Temperature_Enhanced_WB2-TP
Added Pin To Net: NetName=NetJ1_20 Pin=TP6_Temperature_Enhanced_WB1-TP
Added Pin To Net: NetName=NetJ1_20 Pin=TP6_Temperature_Enhanced_WB2-TP
Added Pin To Net: NetName=NetJ1_21 Pin=TP7_Temperature_Enhanced_WB1-TP
Added Pin To Net: NetName=NetJ1_21 Pin=TP7_Temperature_Enhanced_WB2-TP
Added Pin To Net: NetName=NetJ1_22 Pin=TP8_Temperature_Enhanced_WB1-TP
Added Pin To Net: NetName=NetJ1_22 Pin=TP8_Temperature_Enhanced_WB2-TP
Added Pin To Net: NetName=NetD3_1 Pin=TP9-TP
Added Pin To Net: NetName=NetC3_2 Pin=TP10-TP
Added Pin To Net: NetName=NetJ1_24 Pin=TP11-TP
Added Pin To Net: NetName=NetR30_1 Pin=TP12-TP
Added Pin To Net: NetName=NetC14_1 Pin=TP13-TP
Added Pin To Net: NetName=NetD15_1 Pin=TP14-TP
Added Pin To Net: NetName=NetD19_3 Pin=TP15-TP
Added Pin To Net: NetName=NetC7_2 Pin=TP16-TP
Added Pin To Net: NetName=V-_Temperature_Enhanced_WB1 Pin=TP17-TP
Added Member To Class: ClassName=VoltageReference Member=Component TP1 5019
Added Member To Class: ClassName=VoltageReference Member=Component TP2 5019
Added Member To Class: ClassName=VoltageReference Member=Component TP3 5019
Added Member To Class: ClassName=Temperature_Enhanced_WB1 Member=Component TP4_Temperature_Enhanced_WB1 (TP4) 5019
Added Member To Class: ClassName=Temperature_Enhanced_WB2 Member=Component TP4_Temperature_Enhanced_WB2 (TP4) 5019
Added Member To Class: ClassName=Temperature_Enhanced_WB1 Member=Component TP5_Temperature_Enhanced_WB1 (TP5) 5019
Added Member To Class: ClassName=Temperature_Enhanced_WB2 Member=Component TP5_Temperature_Enhanced_WB2 (TP5) 5019
Added Member To Class: ClassName=Temperature_Enhanced_WB1 Member=Component TP6_Temperature_Enhanced_WB1 (TP6) 5019
Added Member To Class: ClassName=Temperature_Enhanced_WB2 Member=Component TP6_Temperature_Enhanced_WB2 (TP6) 5019
Added Member To Class: ClassName=Temperature_Enhanced_WB1 Member=Component TP7_Temperature_Enhanced_WB1 (TP7) 5019
Added Member To Class: ClassName=Temperature_Enhanced_WB2 Member=Component TP7_Temperature_Enhanced_WB2 (TP7) 5019
Added Member To Class: ClassName=Temperature_Enhanced_WB1 Member=Component TP8_Temperature_Enhanced_WB1 (TP8) 5019
Added Member To Class: ClassName=Temperature_Enhanced_WB2 Member=Component TP8_Temperature_Enhanced_WB2 (TP8) 5019
Added Member To Class: ClassName=PowerSection Member=Component TP9 5019
Added Member To Class: ClassName=PowerSection Member=Component TP10 5019
Added Member To Class: ClassName=Dosimeter Member=Component TP11 5019
Added Member To Class: ClassName=TemperatureMonitor Member=Component TP12 5019
Added Member To Class: ClassName=TemperatureMonitor Member=Component TP13 5019
Added Member To Class: ClassName=AuxReg Member=Component TP14 5019
Added Member To Class: ClassName=AuxReg Member=Component TP15 5019
Added Member To Class: ClassName=AuxReg Member=Component TP16 5019
Added Member To Class: ClassName=AuxReg Member=Component TP17 5019
