Removed Pin From Net: NetName=GND Pin=D11-2
Removed Pin From Net: NetName=GND Pin=D12-2
Removed Pin From Net: NetName=GND Pin=J3-2
Removed Pin From Net: NetName=GND Pin=U1-3
Added Component: Designator=C21_Temperature_Enhanced_WB1(FP-CC0402-MFG)
Add component (AddParameter): Name = "Automotive"; Value = "No"; VariantName = "[No Variations]"
Add component (AddParameter): Name = "Automotive Grade"; Value = "NA"; VariantName = "[No Variations]"
Add component (AddParameter): Name = "Capacitance"; Value = "100 nF"; VariantName = "[No Variations]"
Add component (AddParameter): Name = "Category"; Value = "Cap"; VariantName = "[No Variations]"
Add component (AddParameter): Name = "ComponentLink2Description"; Value = "Datasheet"; VariantName = "[No Variations]"
Add component (AddParameter): Name = "ComponentLink2URL"; Value = "http://www.yageo.com/documents/recent/UPY-GP_NP0_16V-to-50V_16.pdf"; VariantName = "[No Variations]"
Add component (AddParameter): Name = "Device Class L1"; Value = "Passive Components"; VariantName = "[No Variations]"
Add component (AddParameter): Name = "Device Class L2"; Value = "Capacitors"; VariantName = "[No Variations]"
Add component (AddParameter): Name = "Device Class L3"; Value = "Ceramic Capacitors"; VariantName = "[No Variations]"
Add component (AddParameter): Name = "Digikey Description"; Value = "CAP CER 0.1UF 50V X7R 0402"; VariantName = "[No Variations]"
Add component (AddParameter): Name = "Footprint Url"; Value = "http://www.yageo.com/exep/pages/download/literatures/UPY-C_GEN_24.pdf"; VariantName = "[No Variations]"
Add component (AddParameter): Name = "Height"; Value = "0.55mm"; VariantName = "[No Variations]"
Add component (AddParameter): Name = "Ipc Land Pattern Name"; Value = "CAPC10050X50"; VariantName = "[No Variations]"
Add component (AddParameter): Name = "Lead Free"; Value = "Yes"; VariantName = "[No Variations]"
Add component (AddParameter): Name = "Manufacturer"; Value = "YAGEO"; VariantName = "[No Variations]"
Add component (AddParameter): Name = "Manufacturer Part Number"; Value = "CC0402KRX7R9BB104"; VariantName = "[No Variations]"
Add component (AddParameter): Name = "Material"; Value = "Ceramic"; VariantName = "[No Variations]"
Add component (AddParameter): Name = "Octopart"; Value = "https://octopart.com/cc0402krx7r9bb104-yageo-56536067"; VariantName = "[No Variations]"
Add component (AddParameter): Name = "Package"; Value = "CC0402"; VariantName = "[No Variations]"
Add component (AddParameter): Name = "RoHS"; Value = "TRUE"; VariantName = "[No Variations]"
Add component (AddParameter): Name = "Temperature"; Value = "-55°C to +125°C"; VariantName = "[No Variations]"
Add component (AddParameter): Name = "Temperature Characteristic"; Value = "X7R"; VariantName = "[No Variations]"
Add component (AddParameter): Name = "Temperature Coefficient"; Value = "30ppm/°C"; VariantName = "[No Variations]"
Add component (AddParameter): Name = "Temperature Range High"; Value = "+125°C"; VariantName = "[No Variations]"
Add component (AddParameter): Name = "Temperature Range Low"; Value = "-55°C"; VariantName = "[No Variations]"
Add component (AddParameter): Name = "Tolerance"; Value = "0.1"; VariantName = "[No Variations]"
Add component (AddParameter): Name = "Value"; Value = "100 nF"; VariantName = "[No Variations]"
Add component (AddParameter): Name = "Voltage Rating"; Value = "50 V"; VariantName = "[No Variations]"
Added Component: Designator=C22_Temperature_Enhanced_WB1(FP-CC0402-MFG)
Add component (AddParameter): Name = "Automotive"; Value = "No"; VariantName = "[No Variations]"
Add component (AddParameter): Name = "Automotive Grade"; Value = "NA"; VariantName = "[No Variations]"
Add component (AddParameter): Name = "Capacitance"; Value = "100 nF"; VariantName = "[No Variations]"
Add component (AddParameter): Name = "Category"; Value = "Cap"; VariantName = "[No Variations]"
Add component (AddParameter): Name = "ComponentLink2Description"; Value = "Datasheet"; VariantName = "[No Variations]"
Add component (AddParameter): Name = "ComponentLink2URL"; Value = "http://www.yageo.com/documents/recent/UPY-GP_NP0_16V-to-50V_16.pdf"; VariantName = "[No Variations]"
Add component (AddParameter): Name = "Device Class L1"; Value = "Passive Components"; VariantName = "[No Variations]"
Add component (AddParameter): Name = "Device Class L2"; Value = "Capacitors"; VariantName = "[No Variations]"
Add component (AddParameter): Name = "Device Class L3"; Value = "Ceramic Capacitors"; VariantName = "[No Variations]"
Add component (AddParameter): Name = "Digikey Description"; Value = "CAP CER 0.1UF 50V X7R 0402"; VariantName = "[No Variations]"
Add component (AddParameter): Name = "Footprint Url"; Value = "http://www.yageo.com/exep/pages/download/literatures/UPY-C_GEN_24.pdf"; VariantName = "[No Variations]"
Add component (AddParameter): Name = "Height"; Value = "0.55mm"; VariantName = "[No Variations]"
Add component (AddParameter): Name = "Ipc Land Pattern Name"; Value = "CAPC10050X50"; VariantName = "[No Variations]"
Add component (AddParameter): Name = "Lead Free"; Value = "Yes"; VariantName = "[No Variations]"
Add component (AddParameter): Name = "Manufacturer"; Value = "YAGEO"; VariantName = "[No Variations]"
Add component (AddParameter): Name = "Manufacturer Part Number"; Value = "CC0402KRX7R9BB104"; VariantName = "[No Variations]"
Add component (AddParameter): Name = "Material"; Value = "Ceramic"; VariantName = "[No Variations]"
Add component (AddParameter): Name = "Octopart"; Value = "https://octopart.com/cc0402krx7r9bb104-yageo-56536067"; VariantName = "[No Variations]"
Add component (AddParameter): Name = "Package"; Value = "CC0402"; VariantName = "[No Variations]"
Add component (AddParameter): Name = "RoHS"; Value = "TRUE"; VariantName = "[No Variations]"
Add component (AddParameter): Name = "Temperature"; Value = "-55°C to +125°C"; VariantName = "[No Variations]"
Add component (AddParameter): Name = "Temperature Characteristic"; Value = "X7R"; VariantName = "[No Variations]"
Add component (AddParameter): Name = "Temperature Coefficient"; Value = "30ppm/°C"; VariantName = "[No Variations]"
Add component (AddParameter): Name = "Temperature Range High"; Value = "+125°C"; VariantName = "[No Variations]"
Add component (AddParameter): Name = "Temperature Range Low"; Value = "-55°C"; VariantName = "[No Variations]"
Add component (AddParameter): Name = "Tolerance"; Value = "0.1"; VariantName = "[No Variations]"
Add component (AddParameter): Name = "Value"; Value = "100 nF"; VariantName = "[No Variations]"
Add component (AddParameter): Name = "Voltage Rating"; Value = "50 V"; VariantName = "[No Variations]"
Added Component: Designator=C23_Temperature_Enhanced_WB1(FP-CC0402-MFG)
Add component (AddParameter): Name = "Automotive"; Value = "No"; VariantName = "[No Variations]"
Add component (AddParameter): Name = "Automotive Grade"; Value = "NA"; VariantName = "[No Variations]"
Add component (AddParameter): Name = "Capacitance"; Value = "100 nF"; VariantName = "[No Variations]"
Add component (AddParameter): Name = "Category"; Value = "Cap"; VariantName = "[No Variations]"
Add component (AddParameter): Name = "ComponentLink2Description"; Value = "Datasheet"; VariantName = "[No Variations]"
Add component (AddParameter): Name = "ComponentLink2URL"; Value = "http://www.yageo.com/documents/recent/UPY-GP_NP0_16V-to-50V_16.pdf"; VariantName = "[No Variations]"
Add component (AddParameter): Name = "Device Class L1"; Value = "Passive Components"; VariantName = "[No Variations]"
Add component (AddParameter): Name = "Device Class L2"; Value = "Capacitors"; VariantName = "[No Variations]"
Add component (AddParameter): Name = "Device Class L3"; Value = "Ceramic Capacitors"; VariantName = "[No Variations]"
Add component (AddParameter): Name = "Digikey Description"; Value = "CAP CER 0.1UF 50V X7R 0402"; VariantName = "[No Variations]"
Add component (AddParameter): Name = "Footprint Url"; Value = "http://www.yageo.com/exep/pages/download/literatures/UPY-C_GEN_24.pdf"; VariantName = "[No Variations]"
Add component (AddParameter): Name = "Height"; Value = "0.55mm"; VariantName = "[No Variations]"
Add component (AddParameter): Name = "Ipc Land Pattern Name"; Value = "CAPC10050X50"; VariantName = "[No Variations]"
Add component (AddParameter): Name = "Lead Free"; Value = "Yes"; VariantName = "[No Variations]"
Add component (AddParameter): Name = "Manufacturer"; Value = "YAGEO"; VariantName = "[No Variations]"
Add component (AddParameter): Name = "Manufacturer Part Number"; Value = "CC0402KRX7R9BB104"; VariantName = "[No Variations]"
Add component (AddParameter): Name = "Material"; Value = "Ceramic"; VariantName = "[No Variations]"
Add component (AddParameter): Name = "Octopart"; Value = "https://octopart.com/cc0402krx7r9bb104-yageo-56536067"; VariantName = "[No Variations]"
Add component (AddParameter): Name = "Package"; Value = "CC0402"; VariantName = "[No Variations]"
Add component (AddParameter): Name = "RoHS"; Value = "TRUE"; VariantName = "[No Variations]"
Add component (AddParameter): Name = "Temperature"; Value = "-55°C to +125°C"; VariantName = "[No Variations]"
Add component (AddParameter): Name = "Temperature Characteristic"; Value = "X7R"; VariantName = "[No Variations]"
Add component (AddParameter): Name = "Temperature Coefficient"; Value = "30ppm/°C"; VariantName = "[No Variations]"
Add component (AddParameter): Name = "Temperature Range High"; Value = "+125°C"; VariantName = "[No Variations]"
Add component (AddParameter): Name = "Temperature Range Low"; Value = "-55°C"; VariantName = "[No Variations]"
Add component (AddParameter): Name = "Tolerance"; Value = "0.1"; VariantName = "[No Variations]"
Add component (AddParameter): Name = "Value"; Value = "100 nF"; VariantName = "[No Variations]"
Add component (AddParameter): Name = "Voltage Rating"; Value = "50 V"; VariantName = "[No Variations]"
Added Component: Designator=D23_Temperature_Enhanced_WB1(RF05VYM1SFHTR)
Add component (AddParameter): Name = "Arrow Part Number"; Value = ""; VariantName = "[No Variations]"
Add component (AddParameter): Name = "Arrow Price/Stock"; Value = ""; VariantName = "[No Variations]"
Add component (AddParameter): Name = "Datasheet Link"; Value = "https://fscdn.rohm.com/en/products/databook/datasheet/discrete/diode/fast_recovery/rf05vym1sfh.pdf"; VariantName = "[No Variations]"
Add component (AddParameter): Name = "Height"; Value = "0.8mm"; VariantName = "[No Variations]"
Add component (AddParameter): Name = "Manufacturer_Name"; Value = "ROHM Semiconductor"; VariantName = "[No Variations]"
Add component (AddParameter): Name = "Manufacturer_Part_Number"; Value = "RF05VYM1SFHTR"; VariantName = "[No Variations]"
Add component (AddParameter): Name = "Mouser Part Number"; Value = "755-RF05VYM1SFHTR"; VariantName = "[No Variations]"
Add component (AddParameter): Name = "Mouser Price/Stock"; Value = "https://www.mouser.co.uk/ProductDetail/ROHM-Semiconductor/RF05VYM1SFHTR?qs=4v%252BiZTmLVHEBI5apodawUw%3D%3D"; VariantName = "[No Variations]"
Added Component: Designator=D24_Temperature_Enhanced_WB1(RF05VYM1SFHTR)
Add component (AddParameter): Name = "Arrow Part Number"; Value = ""; VariantName = "[No Variations]"
Add component (AddParameter): Name = "Arrow Price/Stock"; Value = ""; VariantName = "[No Variations]"
Add component (AddParameter): Name = "Datasheet Link"; Value = "https://fscdn.rohm.com/en/products/databook/datasheet/discrete/diode/fast_recovery/rf05vym1sfh.pdf"; VariantName = "[No Variations]"
Add component (AddParameter): Name = "Height"; Value = "0.8mm"; VariantName = "[No Variations]"
Add component (AddParameter): Name = "Manufacturer_Name"; Value = "ROHM Semiconductor"; VariantName = "[No Variations]"
Add component (AddParameter): Name = "Manufacturer_Part_Number"; Value = "RF05VYM1SFHTR"; VariantName = "[No Variations]"
Add component (AddParameter): Name = "Mouser Part Number"; Value = "755-RF05VYM1SFHTR"; VariantName = "[No Variations]"
Add component (AddParameter): Name = "Mouser Price/Stock"; Value = "https://www.mouser.co.uk/ProductDetail/ROHM-Semiconductor/RF05VYM1SFHTR?qs=4v%252BiZTmLVHEBI5apodawUw%3D%3D"; VariantName = "[No Variations]"
Added Component: Designator=D25_Temperature_Enhanced_WB1(RF05VYM1SFHTR)
Add component (AddParameter): Name = "Arrow Part Number"; Value = ""; VariantName = "[No Variations]"
Add component (AddParameter): Name = "Arrow Price/Stock"; Value = ""; VariantName = "[No Variations]"
Add component (AddParameter): Name = "Datasheet Link"; Value = "https://fscdn.rohm.com/en/products/databook/datasheet/discrete/diode/fast_recovery/rf05vym1sfh.pdf"; VariantName = "[No Variations]"
Add component (AddParameter): Name = "Height"; Value = "0.8mm"; VariantName = "[No Variations]"
Add component (AddParameter): Name = "Manufacturer_Name"; Value = "ROHM Semiconductor"; VariantName = "[No Variations]"
Add component (AddParameter): Name = "Manufacturer_Part_Number"; Value = "RF05VYM1SFHTR"; VariantName = "[No Variations]"
Add component (AddParameter): Name = "Mouser Part Number"; Value = "755-RF05VYM1SFHTR"; VariantName = "[No Variations]"
Add component (AddParameter): Name = "Mouser Price/Stock"; Value = "https://www.mouser.co.uk/ProductDetail/ROHM-Semiconductor/RF05VYM1SFHTR?qs=4v%252BiZTmLVHEBI5apodawUw%3D%3D"; VariantName = "[No Variations]"
Added Component: Designator=D26_Temperature_Enhanced_WB1(RF05VYM1SFHTR)
Add component (AddParameter): Name = "Arrow Part Number"; Value = ""; VariantName = "[No Variations]"
Add component (AddParameter): Name = "Arrow Price/Stock"; Value = ""; VariantName = "[No Variations]"
Add component (AddParameter): Name = "Datasheet Link"; Value = "https://fscdn.rohm.com/en/products/databook/datasheet/discrete/diode/fast_recovery/rf05vym1sfh.pdf"; VariantName = "[No Variations]"
Add component (AddParameter): Name = "Height"; Value = "0.8mm"; VariantName = "[No Variations]"
Add component (AddParameter): Name = "Manufacturer_Name"; Value = "ROHM Semiconductor"; VariantName = "[No Variations]"
Add component (AddParameter): Name = "Manufacturer_Part_Number"; Value = "RF05VYM1SFHTR"; VariantName = "[No Variations]"
Add component (AddParameter): Name = "Mouser Part Number"; Value = "755-RF05VYM1SFHTR"; VariantName = "[No Variations]"
Add component (AddParameter): Name = "Mouser Price/Stock"; Value = "https://www.mouser.co.uk/ProductDetail/ROHM-Semiconductor/RF05VYM1SFHTR?qs=4v%252BiZTmLVHEBI5apodawUw%3D%3D"; VariantName = "[No Variations]"
Added Component: Designator=R36_Temperature_Enhanced_WB1(RESAD1690W60L710D245)
Add component (AddParameter): Name = "Arrow Part Number"; Value = "H810KBYA"; VariantName = "[No Variations]"
Add component (AddParameter): Name = "Arrow Price/Stock"; Value = "https://www.arrow.com/en/products/h810kbya/te-connectivity"; VariantName = "[No Variations]"
Add component (AddParameter): Name = "Datasheet Link"; Value = "https://datasheet.datasheetarchive.com/originals/distributors/DKDS-21/401710.pdf"; VariantName = "[No Variations]"
Add component (AddParameter): Name = "Manufacturer_Name"; Value = "TE Connectivity"; VariantName = "[No Variations]"
Add component (AddParameter): Name = "Manufacturer_Part_Number"; Value = "H810KBYA"; VariantName = "[No Variations]"
Add component (AddParameter): Name = "Mouser Part Number"; Value = "279-H810KBYA"; VariantName = "[No Variations]"
Add component (AddParameter): Name = "Mouser Price/Stock"; Value = "https://www.mouser.com/Search/Refine.aspx?Keyword=279-H810KBYA"; VariantName = "[No Variations]"
Added Component: Designator=R37_Temperature_Enhanced_WB1(RESAD1690W60L710D245)
Add component (AddParameter): Name = "Arrow Part Number"; Value = "H810KBYA"; VariantName = "[No Variations]"
Add component (AddParameter): Name = "Arrow Price/Stock"; Value = "https://www.arrow.com/en/products/h810kbya/te-connectivity"; VariantName = "[No Variations]"
Add component (AddParameter): Name = "Datasheet Link"; Value = "https://datasheet.datasheetarchive.com/originals/distributors/DKDS-21/401710.pdf"; VariantName = "[No Variations]"
Add component (AddParameter): Name = "Manufacturer_Name"; Value = "TE Connectivity"; VariantName = "[No Variations]"
Add component (AddParameter): Name = "Manufacturer_Part_Number"; Value = "H810KBYA"; VariantName = "[No Variations]"
Add component (AddParameter): Name = "Mouser Part Number"; Value = "279-H810KBYA"; VariantName = "[No Variations]"
Add component (AddParameter): Name = "Mouser Price/Stock"; Value = "https://www.mouser.com/Search/Refine.aspx?Keyword=279-H810KBYA"; VariantName = "[No Variations]"
Added Component: Designator=R38_Temperature_Enhanced_WB1(RESAD1690W60L710D245)
Add component (AddParameter): Name = "Arrow Part Number"; Value = "H810KBYA"; VariantName = "[No Variations]"
Add component (AddParameter): Name = "Arrow Price/Stock"; Value = "https://www.arrow.com/en/products/h810kbya/te-connectivity"; VariantName = "[No Variations]"
Add component (AddParameter): Name = "Datasheet Link"; Value = "https://datasheet.datasheetarchive.com/originals/distributors/DKDS-21/401710.pdf"; VariantName = "[No Variations]"
Add component (AddParameter): Name = "Manufacturer_Name"; Value = "TE Connectivity"; VariantName = "[No Variations]"
Add component (AddParameter): Name = "Manufacturer_Part_Number"; Value = "H810KBYA"; VariantName = "[No Variations]"
Add component (AddParameter): Name = "Mouser Part Number"; Value = "279-H810KBYA"; VariantName = "[No Variations]"
Add component (AddParameter): Name = "Mouser Price/Stock"; Value = "https://www.mouser.com/Search/Refine.aspx?Keyword=279-H810KBYA"; VariantName = "[No Variations]"
Added Component: Designator=R39_Temperature_Enhanced_WB1(RESAD1690W60L710D245)
Add component (AddParameter): Name = "Arrow Part Number"; Value = "H810KBYA"; VariantName = "[No Variations]"
Add component (AddParameter): Name = "Arrow Price/Stock"; Value = "https://www.arrow.com/en/products/h810kbya/te-connectivity"; VariantName = "[No Variations]"
Add component (AddParameter): Name = "Datasheet Link"; Value = "https://datasheet.datasheetarchive.com/originals/distributors/DKDS-21/401710.pdf"; VariantName = "[No Variations]"
Add component (AddParameter): Name = "Manufacturer_Name"; Value = "TE Connectivity"; VariantName = "[No Variations]"
Add component (AddParameter): Name = "Manufacturer_Part_Number"; Value = "H810KBYA"; VariantName = "[No Variations]"
Add component (AddParameter): Name = "Mouser Part Number"; Value = "279-H810KBYA"; VariantName = "[No Variations]"
Add component (AddParameter): Name = "Mouser Price/Stock"; Value = "https://www.mouser.com/Search/Refine.aspx?Keyword=279-H810KBYA"; VariantName = "[No Variations]"
Added Component: Designator=R40_Temperature_Enhanced_WB1(RESAD1690W60L710D245)
Add component (AddParameter): Name = "Arrow Part Number"; Value = "H810KBYA"; VariantName = "[No Variations]"
Add component (AddParameter): Name = "Arrow Price/Stock"; Value = "https://www.arrow.com/en/products/h810kbya/te-connectivity"; VariantName = "[No Variations]"
Add component (AddParameter): Name = "Datasheet Link"; Value = "https://datasheet.datasheetarchive.com/originals/distributors/DKDS-21/401710.pdf"; VariantName = "[No Variations]"
Add component (AddParameter): Name = "Manufacturer_Name"; Value = "TE Connectivity"; VariantName = "[No Variations]"
Add component (AddParameter): Name = "Manufacturer_Part_Number"; Value = "H810KBYA"; VariantName = "[No Variations]"
Add component (AddParameter): Name = "Mouser Part Number"; Value = "279-H810KBYA"; VariantName = "[No Variations]"
Add component (AddParameter): Name = "Mouser Price/Stock"; Value = "https://www.mouser.com/Search/Refine.aspx?Keyword=279-H810KBYA"; VariantName = "[No Variations]"
Added Component: Designator=R41_Temperature_Enhanced_WB1(RES_UPF50B2K0V_TEC)
Add component (AddParameter): Name = "Mfr_Name"; Value = "TE Connectivity"; VariantName = "[No Variations]"
Add component (AddParameter): Name = "RefDes"; Value = ""; VariantName = "[No Variations]"
Add component (AddParameter): Name = "Type"; Value = ""; VariantName = "[No Variations]"
Added Component: Designator=R42_Temperature_Enhanced_WB1(RES_UPF50B2K0V_TEC)
Add component (AddParameter): Name = "Mfr_Name"; Value = "TE Connectivity"; VariantName = "[No Variations]"
Add component (AddParameter): Name = "RefDes"; Value = ""; VariantName = "[No Variations]"
Add component (AddParameter): Name = "Type"; Value = ""; VariantName = "[No Variations]"
Added Component: Designator=R43_Temperature_Enhanced_WB1(RES_UPF50B2K0V_TEC)
Add component (AddParameter): Name = "Mfr_Name"; Value = "TE Connectivity"; VariantName = "[No Variations]"
Add component (AddParameter): Name = "RefDes"; Value = ""; VariantName = "[No Variations]"
Add component (AddParameter): Name = "Type"; Value = ""; VariantName = "[No Variations]"
Added Component: Designator=R44_Temperature_Enhanced_WB1(RES_UPF50B2K0V_TEC)
Add component (AddParameter): Name = "Mfr_Name"; Value = "TE Connectivity"; VariantName = "[No Variations]"
Add component (AddParameter): Name = "RefDes"; Value = ""; VariantName = "[No Variations]"
Add component (AddParameter): Name = "Type"; Value = ""; VariantName = "[No Variations]"
Added Component: Designator=R45_Temperature_Enhanced_WB1(RESAD1690W60L710D245)
Add component (AddParameter): Name = "Arrow Part Number"; Value = "H810KBYA"; VariantName = "[No Variations]"
Add component (AddParameter): Name = "Arrow Price/Stock"; Value = "https://www.arrow.com/en/products/h810kbya/te-connectivity"; VariantName = "[No Variations]"
Add component (AddParameter): Name = "Datasheet Link"; Value = "https://datasheet.datasheetarchive.com/originals/distributors/DKDS-21/401710.pdf"; VariantName = "[No Variations]"
Add component (AddParameter): Name = "Manufacturer_Name"; Value = "TE Connectivity"; VariantName = "[No Variations]"
Add component (AddParameter): Name = "Manufacturer_Part_Number"; Value = "H810KBYA"; VariantName = "[No Variations]"
Add component (AddParameter): Name = "Mouser Part Number"; Value = "279-H810KBYA"; VariantName = "[No Variations]"
Add component (AddParameter): Name = "Mouser Price/Stock"; Value = "https://www.mouser.com/Search/Refine.aspx?Keyword=279-H810KBYA"; VariantName = "[No Variations]"
Added Component: Designator=R46_Temperature_Enhanced_WB1(RESAD1690W60L710D245)
Add component (AddParameter): Name = "Arrow Part Number"; Value = "H810KBYA"; VariantName = "[No Variations]"
Add component (AddParameter): Name = "Arrow Price/Stock"; Value = "https://www.arrow.com/en/products/h810kbya/te-connectivity"; VariantName = "[No Variations]"
Add component (AddParameter): Name = "Datasheet Link"; Value = "https://datasheet.datasheetarchive.com/originals/distributors/DKDS-21/401710.pdf"; VariantName = "[No Variations]"
Add component (AddParameter): Name = "Manufacturer_Name"; Value = "TE Connectivity"; VariantName = "[No Variations]"
Add component (AddParameter): Name = "Manufacturer_Part_Number"; Value = "H810KBYA"; VariantName = "[No Variations]"
Add component (AddParameter): Name = "Mouser Part Number"; Value = "279-H810KBYA"; VariantName = "[No Variations]"
Add component (AddParameter): Name = "Mouser Price/Stock"; Value = "https://www.mouser.com/Search/Refine.aspx?Keyword=279-H810KBYA"; VariantName = "[No Variations]"
Added Component: Designator=R47_Temperature_Enhanced_WB1(RES_UPF50B2K0V_TEC)
Add component (AddParameter): Name = "Mfr_Name"; Value = "TE Connectivity"; VariantName = "[No Variations]"
Add component (AddParameter): Name = "RefDes"; Value = ""; VariantName = "[No Variations]"
Add component (AddParameter): Name = "Type"; Value = ""; VariantName = "[No Variations]"
Added Component: Designator=R48_Temperature_Enhanced_WB1(RES_UPF50B2K0V_TEC)
Add component (AddParameter): Name = "Mfr_Name"; Value = "TE Connectivity"; VariantName = "[No Variations]"
Add component (AddParameter): Name = "RefDes"; Value = ""; VariantName = "[No Variations]"
Add component (AddParameter): Name = "Type"; Value = ""; VariantName = "[No Variations]"
Added Component: Designator=R49_Temperature_Enhanced_WB1(RESAD1690W60L710D245)
Add component (AddParameter): Name = "Arrow Part Number"; Value = "H810KBYA"; VariantName = "[No Variations]"
Add component (AddParameter): Name = "Arrow Price/Stock"; Value = "https://www.arrow.com/en/products/h810kbya/te-connectivity"; VariantName = "[No Variations]"
Add component (AddParameter): Name = "Datasheet Link"; Value = "https://datasheet.datasheetarchive.com/originals/distributors/DKDS-21/401710.pdf"; VariantName = "[No Variations]"
Add component (AddParameter): Name = "Manufacturer_Name"; Value = "TE Connectivity"; VariantName = "[No Variations]"
Add component (AddParameter): Name = "Manufacturer_Part_Number"; Value = "H810KBYA"; VariantName = "[No Variations]"
Add component (AddParameter): Name = "Mouser Part Number"; Value = "279-H810KBYA"; VariantName = "[No Variations]"
Add component (AddParameter): Name = "Mouser Price/Stock"; Value = "https://www.mouser.com/Search/Refine.aspx?Keyword=279-H810KBYA"; VariantName = "[No Variations]"
Added Component: Designator=R50_Temperature_Enhanced_WB1(RESC1508X55N)
Add component (AddParameter): Name = "Availability"; Value = "Unavailable"; VariantName = "[No Variations]"
Add component (AddParameter): Name = "MF"; Value = "{'manufacturer': u'Vishay Beyschlag'}"; VariantName = "[No Variations]"
Add component (AddParameter): Name = "MP"; Value = "MCT06030C1001FP500"; VariantName = "[No Variations]"
Add component (AddParameter): Name = "Package"; Value = "None"; VariantName = "[No Variations]"
Add component (AddParameter): Name = "Price"; Value = "None"; VariantName = "[No Variations]"
Add component (AddParameter): Name = "Value"; Value = ""; VariantName = "[No Variations]"
Added Component: Designator=R51_Temperature_Enhanced_WB1(RESAD1690W60L710D245)
Add component (AddParameter): Name = "Arrow Part Number"; Value = "H810KBYA"; VariantName = "[No Variations]"
Add component (AddParameter): Name = "Arrow Price/Stock"; Value = "https://www.arrow.com/en/products/h810kbya/te-connectivity"; VariantName = "[No Variations]"
Add component (AddParameter): Name = "Datasheet Link"; Value = "https://datasheet.datasheetarchive.com/originals/distributors/DKDS-21/401710.pdf"; VariantName = "[No Variations]"
Add component (AddParameter): Name = "Manufacturer_Name"; Value = "TE Connectivity"; VariantName = "[No Variations]"
Add component (AddParameter): Name = "Manufacturer_Part_Number"; Value = "H810KBYA"; VariantName = "[No Variations]"
Add component (AddParameter): Name = "Mouser Part Number"; Value = "279-H810KBYA"; VariantName = "[No Variations]"
Add component (AddParameter): Name = "Mouser Price/Stock"; Value = "https://www.mouser.com/Search/Refine.aspx?Keyword=279-H810KBYA"; VariantName = "[No Variations]"
Added Component: Designator=R52_Temperature_Enhanced_WB1(RESAD1690W60L710D245)
Add component (AddParameter): Name = "Arrow Part Number"; Value = "H810KBYA"; VariantName = "[No Variations]"
Add component (AddParameter): Name = "Arrow Price/Stock"; Value = "https://www.arrow.com/en/products/h810kbya/te-connectivity"; VariantName = "[No Variations]"
Add component (AddParameter): Name = "Datasheet Link"; Value = "https://datasheet.datasheetarchive.com/originals/distributors/DKDS-21/401710.pdf"; VariantName = "[No Variations]"
Add component (AddParameter): Name = "Manufacturer_Name"; Value = "TE Connectivity"; VariantName = "[No Variations]"
Add component (AddParameter): Name = "Manufacturer_Part_Number"; Value = "H810KBYA"; VariantName = "[No Variations]"
Add component (AddParameter): Name = "Mouser Part Number"; Value = "279-H810KBYA"; VariantName = "[No Variations]"
Add component (AddParameter): Name = "Mouser Price/Stock"; Value = "https://www.mouser.com/Search/Refine.aspx?Keyword=279-H810KBYA"; VariantName = "[No Variations]"
Added Component: Designator=R53_Temperature_Enhanced_WB1(RESC1508X55N)
Add component (AddParameter): Name = "Availability"; Value = "Unavailable"; VariantName = "[No Variations]"
Add component (AddParameter): Name = "MF"; Value = "{'manufacturer': u'Vishay Beyschlag'}"; VariantName = "[No Variations]"
Add component (AddParameter): Name = "MP"; Value = "MCT06030C1001FP500"; VariantName = "[No Variations]"
Add component (AddParameter): Name = "Package"; Value = "None"; VariantName = "[No Variations]"
Add component (AddParameter): Name = "Price"; Value = "None"; VariantName = "[No Variations]"
Add component (AddParameter): Name = "Value"; Value = ""; VariantName = "[No Variations]"
Added Component: Designator=R54_Temperature_Enhanced_WB1(RESC1508X55N)
Add component (AddParameter): Name = "Availability"; Value = "Unavailable"; VariantName = "[No Variations]"
Add component (AddParameter): Name = "MF"; Value = "{'manufacturer': u'Vishay Beyschlag'}"; VariantName = "[No Variations]"
Add component (AddParameter): Name = "MP"; Value = "MCT06030C1001FP500"; VariantName = "[No Variations]"
Add component (AddParameter): Name = "Package"; Value = "None"; VariantName = "[No Variations]"
Add component (AddParameter): Name = "Price"; Value = "None"; VariantName = "[No Variations]"
Add component (AddParameter): Name = "Value"; Value = ""; VariantName = "[No Variations]"
Added Component: Designator=U6_Temperature_Enhanced_WB1(FP-R-14-IPC_C)
Add component (AddParameter): Name = "Case/Package"; Value = "SOIC"; VariantName = "[No Variations]"
Add component (AddParameter): Name = "Common Mode Rejection Ratio"; Value = "140dB"; VariantName = "[No Variations]"
Add component (AddParameter): Name = "Contact Plating"; Value = "Tin"; VariantName = "[No Variations]"
Add component (AddParameter): Name = "Gain Bandwidth Product"; Value = "2.7MHz"; VariantName = "[No Variations]"
Add component (AddParameter): Name = "Input Bias Current"; Value = "50pA"; VariantName = "[No Variations]"
Add component (AddParameter): Name = "Input Offset Voltage (Vos)"; Value = "1.5uV"; VariantName = "[No Variations]"
Add component (AddParameter): Name = "Lead Free"; Value = "Contains Lead"; VariantName = "[No Variations]"
Add component (AddParameter): Name = "Max Dual Supply Voltage"; Value = "27.5V"; VariantName = "[No Variations]"
Add component (AddParameter): Name = "Max Operating Temperature"; Value = "125°C"; VariantName = "[No Variations]"
Add component (AddParameter): Name = "Max Supply Voltage"; Value = "55V"; VariantName = "[No Variations]"
Add component (AddParameter): Name = "Min Dual Supply Voltage"; Value = "2.25V"; VariantName = "[No Variations]"
Add component (AddParameter): Name = "Min Operating Temperature"; Value = "-40°C"; VariantName = "[No Variations]"
Add component (AddParameter): Name = "Min Supply Voltage"; Value = "4.5V"; VariantName = "[No Variations]"
Add component (AddParameter): Name = "Mount"; Value = "Surface Mount"; VariantName = "[No Variations]"
Add component (AddParameter): Name = "Number of Circuits"; Value = "4"; VariantName = "[No Variations]"
Add component (AddParameter): Name = "Number of Pins"; Value = "14"; VariantName = "[No Variations]"
Add component (AddParameter): Name = "Operating Supply Current"; Value = "830uA"; VariantName = "[No Variations]"
Add component (AddParameter): Name = "Output Current per Channel"; Value = "32mA"; VariantName = "[No Variations]"
Add component (AddParameter): Name = "Packaging"; Value = "Tape and Reel"; VariantName = "[No Variations]"
Add component (AddParameter): Name = "Power Supply Rejection Ratio (PSRR)"; Value = "150dB"; VariantName = "[No Variations]"
Add component (AddParameter): Name = "RoHS Compliant"; Value = "Yes"; VariantName = "[No Variations]"
Add component (AddParameter): Name = "Slew Rate"; Value = "1.7V/µs"; VariantName = "[No Variations]"
Add component (AddParameter): Name = "Voltage Gain"; Value = "137dB"; VariantName = "[No Variations]"
Added Component: Designator=U8_Temperature_Enhanced_WB1(FP-R-16-IPC_B)
Add component (AddParameter): Name = "Automotive"; Value = "No"; VariantName = "[No Variations]"
Add component (AddParameter): Name = "Category"; Value = "IC"; VariantName = "[No Variations]"
Add component (AddParameter): Name = "ComponentLink2Description"; Value = "Datasheet"; VariantName = "[No Variations]"
Add component (AddParameter): Name = "ComponentLink2URL"; Value = "https://www.analog.com/media/en/technical-documentation/data-sheets/ADG451_452_453.pdf"; VariantName = "[No Variations]"
Add component (AddParameter): Name = "Device Class L1"; Value = "Integrated Circuits (ICs)"; VariantName = "[No Variations]"
Add component (AddParameter): Name = "Device Class L2"; Value = "Interface ICs"; VariantName = "[No Variations]"
Add component (AddParameter): Name = "Device Class L3"; Value = "Analog Switches"; VariantName = "[No Variations]"
Add component (AddParameter): Name = "Digikey Description"; Value = "IC SWITCH QUAD SPST 16SOIC"; VariantName = "[No Variations]"
Add component (AddParameter): Name = "Footprint Url"; Value = "https://www.analog.com/media/en/package-pcb-resources/package/pkg_pdf/soic_narrow-r/r_16.pdf"; VariantName = "[No Variations]"
Add component (AddParameter): Name = "Height"; Value = "1.75mm"; VariantName = "[No Variations]"
Add component (AddParameter): Name = "Lead Free"; Value = "Yes"; VariantName = "[No Variations]"
Add component (AddParameter): Name = "Manufacturer"; Value = "Analog Devices"; VariantName = "[No Variations]"
Add component (AddParameter): Name = "Manufacturer Part Number"; Value = "ADG452BRZ"; VariantName = "[No Variations]"
Add component (AddParameter): Name = "Max Junction Temp"; Value = "+150°C"; VariantName = "[No Variations]"
Add component (AddParameter): Name = "Max Supply Voltage"; Value = "12V"; VariantName = "[No Variations]"
Add component (AddParameter): Name = "Min Supply Voltage"; Value = "5V"; VariantName = "[No Variations]"
Add component (AddParameter): Name = "Mouser Description"; Value = "Analog Switch ICs LC2MOS 5 Ohm SPST"; VariantName = "[No Variations]"
Add component (AddParameter): Name = "Mux Demux Ratio"; Value = "1:1"; VariantName = "[No Variations]"
Add component (AddParameter): Name = "Nominal Supply Current"; Value = "0.0001uA"; VariantName = "[No Variations]"
Add component (AddParameter): Name = "Number Of Circuits"; Value = "4"; VariantName = "[No Variations]"
Add component (AddParameter): Name = "Octopart"; Value = "https://octopart.com/adg452brz-analog+devices-512739"; VariantName = "[No Variations]"
Add component (AddParameter): Name = "On State Resistance"; Value = "4-7O"; VariantName = "[No Variations]"
Add component (AddParameter): Name = "Package"; Value = "R-16"; VariantName = "[No Variations]"
Add component (AddParameter): Name = "RoHS"; Value = "TRUE"; VariantName = "[No Variations]"
Add component (AddParameter): Name = "Standoff Height"; Value = "0.1mm"; VariantName = "[No Variations]"
Add component (AddParameter): Name = "Temperature"; Value = "-40°C to +85°C"; VariantName = "[No Variations]"
Add component (AddParameter): Name = "Temperature Range High"; Value = "+85°C"; VariantName = "[No Variations]"
Add component (AddParameter): Name = "Temperature Range Low"; Value = "-40°C"; VariantName = "[No Variations]"
Add component (AddParameter): Name = "Throw Configuration"; Value = "SPST-NO"; VariantName = "[No Variations]"
Added Pin To Net: NetName=GND Pin=C1-1
Added Pin To Net: NetName=GND Pin=C2-1
Added Pin To Net: NetName=GND Pin=C3-1
Added Pin To Net: NetName=V+_Temperature_Enhanced_WB1 Pin=C21_Temperature_Enhanced_WB1-1
Added Pin To Net: NetName=GND Pin=C21_Temperature_Enhanced_WB1-2
Added Pin To Net: NetName=V-_Temperature_Enhanced_WB1 Pin=C22_Temperature_Enhanced_WB1-1
Added Pin To Net: NetName=GND Pin=C22_Temperature_Enhanced_WB1-2
Added Pin To Net: NetName=V+_Temperature_Enhanced_WB1 Pin=C23_Temperature_Enhanced_WB1-1
Added Pin To Net: NetName=GND Pin=C23_Temperature_Enhanced_WB1-2
Added Pin To Net: NetName=GND Pin=D7-1
Added Pin To Net: NetName=GND Pin=D7-2
Added Pin To Net: NetName=V+_Temperature_Enhanced_WB1 Pin=D23_Temperature_Enhanced_WB1-1
Added Pin To Net: NetName=NetD23_Temperature_Enhanced_WB1_2 Pin=D23_Temperature_Enhanced_WB1-2
Added Pin To Net: NetName=V+_Temperature_Enhanced_WB1 Pin=D24_Temperature_Enhanced_WB1-1
Added Pin To Net: NetName=NetD24_Temperature_Enhanced_WB1_2 Pin=D24_Temperature_Enhanced_WB1-2
Added Pin To Net: NetName=NetD23_Temperature_Enhanced_WB1_2 Pin=D25_Temperature_Enhanced_WB1-1
Added Pin To Net: NetName=GND Pin=D25_Temperature_Enhanced_WB1-2
Added Pin To Net: NetName=NetD24_Temperature_Enhanced_WB1_2 Pin=D26_Temperature_Enhanced_WB1-1
Added Pin To Net: NetName=GND Pin=D26_Temperature_Enhanced_WB1-2
Added Pin To Net: NetName=GND Pin=J1-10
Added Pin To Net: NetName=GND Pin=J1-11
Added Pin To Net: NetName=GND Pin=J3-9
Added Pin To Net: NetName=NetQ6_3 Pin=R36_Temperature_Enhanced_WB1-1
Added Pin To Net: NetName=NetR36_Temperature_Enhanced_WB1_2 Pin=R36_Temperature_Enhanced_WB1-2
Added Pin To Net: NetName=NetQ7_4 Pin=R37_Temperature_Enhanced_WB1-1
Added Pin To Net: NetName=NetR37_Temperature_Enhanced_WB1_2 Pin=R37_Temperature_Enhanced_WB1-2
Added Pin To Net: NetName=NetR37_Temperature_Enhanced_WB1_2 Pin=R38_Temperature_Enhanced_WB1-1
Added Pin To Net: NetName=NetR38_Temperature_Enhanced_WB1_2 Pin=R38_Temperature_Enhanced_WB1-2
Added Pin To Net: NetName=GND Pin=R39_Temperature_Enhanced_WB1-1
Added Pin To Net: NetName=NetR36_Temperature_Enhanced_WB1_2 Pin=R39_Temperature_Enhanced_WB1-2
Added Pin To Net: NetName=NetJ1_5 Pin=R40_Temperature_Enhanced_WB1-1
Added Pin To Net: NetName=NetJ1_19 Pin=R40_Temperature_Enhanced_WB1-2
Added Pin To Net: NetName=NetR41_Temperature_Enhanced_WB1_1 Pin=R41_Temperature_Enhanced_WB1-1
Added Pin To Net: NetName=NetD24_Temperature_Enhanced_WB1_2 Pin=R41_Temperature_Enhanced_WB1-2
Added Pin To Net: NetName=NetR42_Temperature_Enhanced_WB1_1 Pin=R42_Temperature_Enhanced_WB1-1
Added Pin To Net: NetName=NetR41_Temperature_Enhanced_WB1_1 Pin=R42_Temperature_Enhanced_WB1-2
Added Pin To Net: NetName=NetR43_Temperature_Enhanced_WB1_1 Pin=R43_Temperature_Enhanced_WB1-1
Added Pin To Net: NetName=NetD23_Temperature_Enhanced_WB1_2 Pin=R43_Temperature_Enhanced_WB1-2
Added Pin To Net: NetName=NetR44_Temperature_Enhanced_WB1_1 Pin=R44_Temperature_Enhanced_WB1-1
Added Pin To Net: NetName=NetR43_Temperature_Enhanced_WB1_1 Pin=R44_Temperature_Enhanced_WB1-2
Added Pin To Net: NetName=NetJ1_3 Pin=R45_Temperature_Enhanced_WB1-1
Added Pin To Net: NetName=NetJ1_1 Pin=R45_Temperature_Enhanced_WB1-2
Added Pin To Net: NetName=NetJ1_3 Pin=R46_Temperature_Enhanced_WB1-1
Added Pin To Net: NetName=NetJ1_19 Pin=R46_Temperature_Enhanced_WB1-2
Added Pin To Net: NetName=NetR47_Temperature_Enhanced_WB1_1 Pin=R47_Temperature_Enhanced_WB1-1
Added Pin To Net: NetName=NetR44_Temperature_Enhanced_WB1_1 Pin=R47_Temperature_Enhanced_WB1-2
Added Pin To Net: NetName=NetR42_Temperature_Enhanced_WB1_1 Pin=R48_Temperature_Enhanced_WB1-1
Added Pin To Net: NetName=GND Pin=R48_Temperature_Enhanced_WB1-2
Added Pin To Net: NetName=NetJ1_3 Pin=R49_Temperature_Enhanced_WB1-1
Added Pin To Net: NetName=NetR49_Temperature_Enhanced_WB1_2 Pin=R49_Temperature_Enhanced_WB1-2
Added Pin To Net: NetName=V+_Temperature_Enhanced_WB1 Pin=R50_Temperature_Enhanced_WB1-1
Added Pin To Net: NetName=NetJ1_20 Pin=R50_Temperature_Enhanced_WB1-2
Added Pin To Net: NetName=NetJ1_3 Pin=R51_Temperature_Enhanced_WB1-1
Added Pin To Net: NetName=NetR51_Temperature_Enhanced_WB1_2 Pin=R51_Temperature_Enhanced_WB1-2
Added Pin To Net: NetName=NetR49_Temperature_Enhanced_WB1_2 Pin=R52_Temperature_Enhanced_WB1-1
Added Pin To Net: NetName=NetR52_Temperature_Enhanced_WB1_2 Pin=R52_Temperature_Enhanced_WB1-2
Added Pin To Net: NetName=GND Pin=R53_Temperature_Enhanced_WB1-1
Added Pin To Net: NetName=NetJ1_21 Pin=R53_Temperature_Enhanced_WB1-2
Added Pin To Net: NetName=GND Pin=R54_Temperature_Enhanced_WB1-1
Added Pin To Net: NetName=NetJ1_22 Pin=R54_Temperature_Enhanced_WB1-2
Added Pin To Net: NetName=GND Pin=U1-4
Added Pin To Net: NetName=NetR38_Temperature_Enhanced_WB1_2 Pin=U6_Temperature_Enhanced_WB1-1
Added Pin To Net: NetName=NetR37_Temperature_Enhanced_WB1_2 Pin=U6_Temperature_Enhanced_WB1-2
Added Pin To Net: NetName=NetR36_Temperature_Enhanced_WB1_2 Pin=U6_Temperature_Enhanced_WB1-3
Added Pin To Net: NetName=V+_Temperature_Enhanced_WB1 Pin=U6_Temperature_Enhanced_WB1-4
Added Pin To Net: NetName=NetR42_Temperature_Enhanced_WB1_1 Pin=U6_Temperature_Enhanced_WB1-5
Added Pin To Net: NetName=NetR44_Temperature_Enhanced_WB1_1 Pin=U6_Temperature_Enhanced_WB1-6
Added Pin To Net: NetName=NetR47_Temperature_Enhanced_WB1_1 Pin=U6_Temperature_Enhanced_WB1-7
Added Pin To Net: NetName=NetR14_2 Pin=U6_Temperature_Enhanced_WB1-8
Added Pin To Net: NetName=NetJ1_3 Pin=U6_Temperature_Enhanced_WB1-9
Added Pin To Net: NetName=NetR47_Temperature_Enhanced_WB1_1 Pin=U6_Temperature_Enhanced_WB1-10
Added Pin To Net: NetName=V-_Temperature_Enhanced_WB1 Pin=U6_Temperature_Enhanced_WB1-11
Added Pin To Net: NetName=NetR38_Temperature_Enhanced_WB1_2 Pin=U6_Temperature_Enhanced_WB1-12
Added Pin To Net: NetName=NetJ1_5 Pin=U6_Temperature_Enhanced_WB1-13
Added Pin To Net: NetName=NetR13_1 Pin=U6_Temperature_Enhanced_WB1-14
Added Pin To Net: NetName=NetJ1_20 Pin=U8_Temperature_Enhanced_WB1-1
Added Pin To Net: NetName=Sense+_Temperature_Enhanced_WB1 Pin=U8_Temperature_Enhanced_WB1-2
Added Pin To Net: NetName=NetC3_2 Pin=U8_Temperature_Enhanced_WB1-3
Added Pin To Net: NetName=GND Pin=U8_Temperature_Enhanced_WB1-4
Added Pin To Net: NetName=GND Pin=U8_Temperature_Enhanced_WB1-5
Added Pin To Net: NetName=NetR52_Temperature_Enhanced_WB1_2 Pin=U8_Temperature_Enhanced_WB1-6
Added Pin To Net: NetName=GND Pin=U8_Temperature_Enhanced_WB1-7
Added Pin To Net: NetName=NetJ1_22 Pin=U8_Temperature_Enhanced_WB1-8
Added Pin To Net: NetName=NetJ1_21 Pin=U8_Temperature_Enhanced_WB1-9
Added Pin To Net: NetName=GND Pin=U8_Temperature_Enhanced_WB1-10
Added Pin To Net: NetName=NetR51_Temperature_Enhanced_WB1_2 Pin=U8_Temperature_Enhanced_WB1-11
Added Pin To Net: NetName=V+_Temperature_Enhanced_WB1 Pin=U8_Temperature_Enhanced_WB1-12
Added Pin To Net: NetName=V+_Temperature_Enhanced_WB1 Pin=U8_Temperature_Enhanced_WB1-13
Added Pin To Net: NetName=Sense-_Temperature_Enhanced_WB1 Pin=U8_Temperature_Enhanced_WB1-14
Added Pin To Net: NetName=GND Pin=U8_Temperature_Enhanced_WB1-15
Added Pin To Net: NetName=NetJ1_20 Pin=U8_Temperature_Enhanced_WB1-16
Added Pin To Net: NetName=NetD11_2 Pin=D11-2
Added Pin To Net: NetName=NetD11_2 Pin=D12-2
Added Pin To Net: NetName=NetD11_2 Pin=J3-2
Added Pin To Net: NetName=NetD11_2 Pin=U1-3
Added Net: Name=NetD11_2
Added Member To Class: ClassName=Temperature_Enhanced_WB1 Member=Component C21_Temperature_Enhanced_WB1 (C21) CC0402KRX7R9BB104
Added Member To Class: ClassName=Temperature_Enhanced_WB1 Member=Component C22_Temperature_Enhanced_WB1 (C22) CC0402KRX7R9BB104
Added Member To Class: ClassName=Temperature_Enhanced_WB1 Member=Component C23_Temperature_Enhanced_WB1 (C23) CC0402KRX7R9BB104
Added Member To Class: ClassName=Temperature_Enhanced_WB1 Member=Component D23_Temperature_Enhanced_WB1 (D23) RF05VYM1SFHTR
Added Member To Class: ClassName=Temperature_Enhanced_WB1 Member=Component D24_Temperature_Enhanced_WB1 (D24) RF05VYM1SFHTR
Added Member To Class: ClassName=Temperature_Enhanced_WB1 Member=Component D25_Temperature_Enhanced_WB1 (D25) RF05VYM1SFHTR
Added Member To Class: ClassName=Temperature_Enhanced_WB1 Member=Component D26_Temperature_Enhanced_WB1 (D26) RF05VYM1SFHTR
Added Member To Class: ClassName=Temperature_Enhanced_WB1 Member=Component R36_Temperature_Enhanced_WB1 (R36) H810KBYA
Added Member To Class: ClassName=Temperature_Enhanced_WB1 Member=Component R37_Temperature_Enhanced_WB1 (R37) H810KBYA
Added Member To Class: ClassName=Temperature_Enhanced_WB1 Member=Component R38_Temperature_Enhanced_WB1 (R38) H81M0BYA
Added Member To Class: ClassName=Temperature_Enhanced_WB1 Member=Component R39_Temperature_Enhanced_WB1 (R39) H81M0BYA
Added Member To Class: ClassName=Temperature_Enhanced_WB1 Member=Component R40_Temperature_Enhanced_WB1 (R40) H81K0BYA
Added Member To Class: ClassName=Temperature_Enhanced_WB1 Member=Component R41_Temperature_Enhanced_WB1 (R41) UPF50B100KV
Added Member To Class: ClassName=Temperature_Enhanced_WB1 Member=Component R42_Temperature_Enhanced_WB1 (R42) UPF50B100KV
Added Member To Class: ClassName=Temperature_Enhanced_WB1 Member=Component R43_Temperature_Enhanced_WB1 (R43) UPF50B100KV
Added Member To Class: ClassName=Temperature_Enhanced_WB1 Member=Component R44_Temperature_Enhanced_WB1 (R44) UPF50B100KV
Added Member To Class: ClassName=Temperature_Enhanced_WB1 Member=Component R45_Temperature_Enhanced_WB1 (R45) H81K0BYA
Added Member To Class: ClassName=Temperature_Enhanced_WB1 Member=Component R46_Temperature_Enhanced_WB1 (R46) H81K0BYA
Added Member To Class: ClassName=Temperature_Enhanced_WB1 Member=Component R47_Temperature_Enhanced_WB1 (R47) UPF50B100KV
Added Member To Class: ClassName=Temperature_Enhanced_WB1 Member=Component R48_Temperature_Enhanced_WB1 (R48) UPF50B100KV
Added Member To Class: ClassName=Temperature_Enhanced_WB1 Member=Component R49_Temperature_Enhanced_WB1 (R49) H81K0BYA
Added Member To Class: ClassName=Temperature_Enhanced_WB1 Member=Component R50_Temperature_Enhanced_WB1 (R50) MCT06030C1001FP500
Added Member To Class: ClassName=Temperature_Enhanced_WB1 Member=Component R51_Temperature_Enhanced_WB1 (R51) H81K0BYA
Added Member To Class: ClassName=Temperature_Enhanced_WB1 Member=Component R52_Temperature_Enhanced_WB1 (R52) H81K0BYA
Added Member To Class: ClassName=Temperature_Enhanced_WB1 Member=Component R53_Temperature_Enhanced_WB1 (R53) MCT06030C1001FP500
Added Member To Class: ClassName=Temperature_Enhanced_WB1 Member=Component R54_Temperature_Enhanced_WB1 (R54) MCT06030C1001FP500
Added Member To Class: ClassName=Temperature_Enhanced_WB1 Member=Component U6_Temperature_Enhanced_WB1 (U6A) ADA4522-4ARZ-RL
Added Member To Class: ClassName=Temperature_Enhanced_WB1 Member=Component U8_Temperature_Enhanced_WB1 (U8) ADG452BRZ
