
Importing C:\Users\Public\Documents\Altium\Projects\RAD_GIT\RadHard\Electronics\AltiumProject\Rad_hard_git\PDNAnalyzer_Output\radhard\Unnamed simulation (1)\odb.tgz... [Thu Nov 28 20:09:48 2024]
============================================================
Reading ODB++ database ...

Reading file odb/misc/info...
Reading file odb/matrix/matrix...
Reading file odb/steps/pcb/profile...
Reading file odb/steps/pcb/eda/data...
Origin of ODB++ database:  Altium Designer file - Version 1.0.0.30000
WARNING: Ignoring I(76 time(s))
eda data: 48 packages, 116 nets.
Reading file odb/steps/pcb/layers/top_solder/features...
1014 SWHs on layer TOP_SOLDER

Reading file odb/steps/pcb/layers/top_layer/features...
INFO: end point of polygon corrected by 0.0001 (<File top_layer\features, line 2272>).
INFO: end point of polygon corrected by 0.0001 (<File top_layer\features, line 2918>).
3004 SWHs on layer TOP_LAYER
, skipped 4 non-geometrical features
Reading file odb/steps/pcb/layers/dielectric_1/features...
0 SWHs on layer DIELECTRIC_1

Reading file odb/steps/pcb/layers/dielectric_2/features...
0 SWHs on layer DIELECTRIC_2

Reading file odb/steps/pcb/layers/int1__gnd_/features...
1212 SWHs on layer INT1__GND_
, skipped 6 non-geometrical features
Reading file odb/steps/pcb/layers/dielectric_3/features...
0 SWHs on layer DIELECTRIC_3

Reading file odb/steps/pcb/layers/int2__sign_/features...
447 SWHs on layer INT2__SIGN_
, skipped 12 non-geometrical features
Reading file odb/steps/pcb/layers/dielectric_4/features...
0 SWHs on layer DIELECTRIC_4

Reading file odb/steps/pcb/layers/dielectric_5/features...
0 SWHs on layer DIELECTRIC_5

Reading file odb/steps/pcb/layers/int3__sign_/features...
202 SWHs on layer INT3__SIGN_
, skipped 3 non-geometrical features
Reading file odb/steps/pcb/layers/dielectric_6/features...
0 SWHs on layer DIELECTRIC_6

Reading file odb/steps/pcb/layers/int4__pwr_/features...
1895 SWHs on layer INT4__PWR_
, skipped 9 non-geometrical features
Reading file odb/steps/pcb/layers/dielectric_7/features...
0 SWHs on layer DIELECTRIC_7

Reading file odb/steps/pcb/layers/dielectric_8/features...
0 SWHs on layer DIELECTRIC_8

Reading file odb/steps/pcb/layers/bottom_layer/features...
INFO: end point of polygon corrected by 0.0001 (<File bottom_layer\features, line 2260>).
1710 SWHs on layer BOTTOM_LAYER
, skipped 9 non-geometrical features
Reading file odb/steps/pcb/layers/bottom_solder/features...
597 SWHs on layer BOTTOM_SOLDER

Reading file odb/steps/pcb/layers/top_solder/attrlist...
Reading file odb/steps/pcb/layers/top_layer/attrlist...
Reading file odb/steps/pcb/layers/dielectric_1/attrlist...
Reading file odb/steps/pcb/layers/dielectric_2/attrlist...
Reading file odb/steps/pcb/layers/int1__gnd_/attrlist...
Reading file odb/steps/pcb/layers/dielectric_3/attrlist...
Reading file odb/steps/pcb/layers/int2__sign_/attrlist...
Reading file odb/steps/pcb/layers/dielectric_4/attrlist...
Reading file odb/steps/pcb/layers/dielectric_5/attrlist...
Reading file odb/steps/pcb/layers/int3__sign_/attrlist...
Reading file odb/steps/pcb/layers/dielectric_6/attrlist...
Reading file odb/steps/pcb/layers/int4__pwr_/attrlist...
Reading file odb/steps/pcb/layers/dielectric_7/attrlist...
Reading file odb/steps/pcb/layers/dielectric_8/attrlist...
Reading file odb/steps/pcb/layers/bottom_layer/attrlist...
Reading file odb/steps/pcb/layers/bottom_solder/attrlist...
WARNING: material values were set to default due to missing information for the following layers:  'TOP_LAYER', 'INT1__GND_', 'INT2__SIGN_', 'INT3__SIGN_', 'INT4__PWR_', 'BOTTOM_LAYER'
parsing drills TOP_LAYER-BOTTOM_LAYER
Reading file odb/steps/pcb/layers/drill_non-plated_bottom_layer-top_layer/features...
parsing drills TOP_LAYER-BOTTOM_LAYER
Reading file odb/steps/pcb/layers/drill_plated_bottom_layer-top_layer/features...
Reading file odb/steps/pcb/layers/comp_+_top/components...
Reading file odb/steps/pcb/layers/comp_+_bot/components...
INFO: 160 duplicate vertices ignored
========================================
INFO: Created CSV file (C:\Users\Public\Documents\Altium\Projects\RAD_GIT\RadHard\Electronics\AltiumProject\Rad_hard_git\PDNAnalyzer_Output\radhard\Unnamed simulation (1)\Results\tmp\design.csv) with component properties extracted from ODB++ file.
========================================
========================================
Lumped-element import (C:\Users\Public\Documents\Altium\Projects\RAD_GIT\RadHard\Electronics\AltiumProject\Rad_hard_git\PDNAnalyzer_Output\radhard\Unnamed simulation (1)\Results\tmp\design.csv)...
Detected ' ; ' as separator.

Value-string translations:
	1 uF ->  1.0 uF (C)
	100 nF ->  100.0 nF (C)
WARNING: column header(s) 'type', 'refdes' found multiple times (taking the first one)
WARNING: unable to interpret: [empty string]
========================================
WARNING: There were some warnings while importing the auto-generated CSV-file 'C:\Users\Public\Documents\Altium\Projects\RAD_GIT\RadHard\Electronics\AltiumProject\Rad_hard_git\PDNAnalyzer_Output\radhard\Unnamed simulation (1)\Results\tmp\design.csv'. Please review the auto-generated file under Parts Editor->Load (csv).
========================================
Unifying library padstacks...
Finished reading database.
============================================================
